Partida:4836
Número de cartones:10
############################### Ha salido la bola 24
El carton 48360, tiene el numero 24 
El carton 48369, tiene el numero 24 
El carton 48367, tiene el numero 24 
El carton 48364, tiene el numero 24 
############################### Ha salido la bola 68
El carton 48368, tiene el numero 68 
El carton 48364, tiene el numero 68 
El carton 48367, tiene el numero 68 
############################### Ha salido la bola 28
El carton 48362, tiene el numero 28 
El carton 48368, tiene el numero 28 
############################### Ha salido la bola 3
El carton 48363, tiene el numero 3 
El carton 48368, tiene el numero 3 
############################### Ha salido la bola 18
El carton 48368, tiene el numero 18 
El carton 48360, tiene el numero 18 
El carton 48362, tiene el numero 18 
############################### Ha salido la bola 10
El carton 48366, tiene el numero 10 
El carton 48365, tiene el numero 10 
El carton 48361, tiene el numero 10 
############################### Ha salido la bola 18
El carton 48368, tiene el numero 18 
El carton 48360, tiene el numero 18 
El carton 48362, tiene el numero 18 
############################### Ha salido la bola 21
El carton 48366, tiene el numero 21 
El carton 48364, tiene el numero 21 
El carton 48362, tiene el numero 21 
############################### Ha salido la bola 1
El carton 48369, tiene el numero 1 
El carton 48368, tiene el numero 1 
El carton 48364, tiene el numero 1 
El carton 48362, tiene el numero 1 
############################### Ha salido la bola 7
El carton 48364, tiene el numero 7 
El carton 48362, tiene el numero 7 
El carton 48361, tiene el numero 7 
El carton 48366, tiene el numero 7 
El carton 48367, tiene el numero 7 
############################### Ha salido la bola 34
El carton 48363, tiene el numero 34 
El carton 48369, tiene el numero 34 
El carton 48362, tiene el numero 34 
############################### Ha salido la bola 22
El carton 48365, tiene el numero 22 
El carton 48361, tiene el numero 22 
El carton 48367, tiene el numero 22 
El carton 48366, tiene el numero 22 
############################### Ha salido la bola 10
El carton 48365, tiene el numero 10 
El carton 48361, tiene el numero 10 
El carton 48366, tiene el numero 10 
############################### Ha salido la bola 54
El carton 48369, tiene el numero 54 
El carton 48361, tiene el numero 54 
El carton 48368, tiene el numero 54 
El carton 48365, tiene el numero 54 
############################### Ha salido la bola 70
El carton 48360, tiene el numero 70 
El carton 48365, tiene el numero 70 
############################### Ha salido la bola 23
El carton 48368, tiene el numero 23 
############################### Ha salido la bola 53
El carton 48361, tiene el numero 53 
El carton 48369, tiene el numero 53 
El carton 48365, tiene el numero 53 
############################### Ha salido la bola 58
El carton 48362, tiene el numero 58 
El carton 48365, tiene el numero 58 
El carton 48366, tiene el numero 58 
############################### Ha salido la bola 41
El carton 48364, tiene el numero 41 
El carton 48365, tiene el numero 41 
El carton 48361, tiene el numero 41 
El carton 48361, tiene linea DIAGONAL: 
casilla marcada 53 en f:0, c:3 
casilla marcada 41 en f:1, c:2 
casilla marcada 22 en f:2, c:1 
casilla marcada 7 en f:3, c:0 
############################### Ha salido la bola 17
El carton 48364, tiene el numero 17 
El carton 48369, tiene el numero 17 
El carton 48365, tiene el numero 17 
############################### Ha salido la bola 60
############################### Ha salido la bola 25
El carton 48365, tiene el numero 25 
El carton 48361, tiene el numero 25 
El carton 48369, tiene el numero 25 
############################### Ha salido la bola 70
El carton 48360, tiene el numero 70 
El carton 48365, tiene el numero 70 
############################### Ha salido la bola 47
El carton 48368, tiene el numero 47 
El carton 48362, tiene el numero 47 
############################### Ha salido la bola 12
El carton 48368, tiene el numero 12 
El carton 48368, tiene linea DIAGONAL: 
casilla marcada 68 en f:0, c:4 
casilla marcada 54 en f:1, c:3 
casilla marcada 28 en f:3, c:1 
casilla marcada 12 en f:4, c:0 
El carton 48364, tiene el numero 12 
El carton 48366, tiene el numero 12 
El carton 48365, tiene el numero 12 
############################### Ha salido la bola 71
El carton 48369, tiene el numero 71 
El carton 48369, tiene linea DIAGONAL: 
casilla marcada 71 en f:0, c:4 
casilla marcada 53 en f:1, c:3 
casilla marcada 17 en f:3, c:1 
casilla marcada 1 en f:4, c:0 
El carton 48366, tiene el numero 71 
El carton 48367, tiene el numero 71 
El carton 48365, tiene el numero 71 
El carton 48365, tiene linea HORIZONTAL: 
casilla marcada 17 en f:0, c:1 
casilla marcada 41 en f:0, c:2 
casilla marcada 54 en f:0, c:3 
casilla marcada 71 en f:0, c:4 
El carton 48365, tiene linea DIAGONAL: 
casilla marcada 71 en f:0, c:4 
casilla marcada 53 en f:1, c:3 
casilla marcada 25 en f:3, c:1 
casilla marcada 12 en f:4, c:0 
El carton 48368, tiene el numero 71 
############################### Ha salido la bola 52
El carton 48368, tiene el numero 52 
############################### Ha salido la bola 31
El carton 48369, tiene el numero 31 
El carton 48364, tiene el numero 31 
El carton 48360, tiene el numero 31 
############################### Ha salido la bola 48
############################### Ha salido la bola 4
############################### Ha salido la bola 73
############################### Ha salido la bola 32
El carton 48360, tiene el numero 32 
El carton 48368, tiene el numero 32 
El carton 48368, tiene linea DIAGONAL: 
casilla marcada 52 en f:0, c:3 
casilla marcada 32 en f:1, c:2 
casilla marcada 18 en f:2, c:1 
casilla marcada 3 en f:3, c:0 
El carton 48367, tiene el numero 32 
El carton 48363, tiene el numero 32 
############################### Ha salido la bola 31
El carton 48360, tiene el numero 31 
El carton 48369, tiene el numero 31 
El carton 48364, tiene el numero 31 
############################### Ha salido la bola 34
El carton 48369, tiene el numero 34 
El carton 48362, tiene el numero 34 
El carton 48363, tiene el numero 34 
############################### Ha salido la bola 58
El carton 48366, tiene el numero 58 
El carton 48362, tiene el numero 58 
El carton 48365, tiene el numero 58 
############################### Ha salido la bola 14
El carton 48365, tiene el numero 14 
El carton 48367, tiene el numero 14 
El carton 48364, tiene el numero 14 
El carton 48364, tiene linea VERTICAL: 
casilla marcada 14 en f:1, c:0 
casilla marcada 7 en f:2, c:0 
casilla marcada 1 en f:3, c:0 
casilla marcada 12 en f:4, c:0 
############################### Ha salido la bola 43
El carton 48367, tiene el numero 43 
El carton 48366, tiene el numero 43 
El carton 48363, tiene el numero 43 
############################### Ha salido la bola 31
El carton 48364, tiene el numero 31 
El carton 48369, tiene el numero 31 
El carton 48360, tiene el numero 31 
############################### Ha salido la bola 7
El carton 48362, tiene el numero 7 
El carton 48361, tiene el numero 7 
El carton 48366, tiene el numero 7 
El carton 48367, tiene el numero 7 
El carton 48364, tiene el numero 7 
############################### Ha salido la bola 57
El carton 48367, tiene el numero 57 
El carton 48360, tiene el numero 57 
El carton 48369, tiene el numero 57 
El carton 48366, tiene el numero 57 
############################### Ha salido la bola 27
El carton 48361, tiene el numero 27 
El carton 48367, tiene el numero 27 
El carton 48367, tiene linea HORIZONTAL: 
casilla marcada 7 en f:3, c:0 
casilla marcada 27 en f:3, c:1 
casilla marcada 43 en f:3, c:2 
casilla marcada 71 en f:3, c:4 
El carton 48363, tiene el numero 27 
El carton 48366, tiene el numero 27 
############################### Ha salido la bola 15
############################### Ha salido la bola 68
El carton 48367, tiene el numero 68 
El carton 48364, tiene el numero 68 
El carton 48368, tiene el numero 68 
############################### Ha salido la bola 75
############################### Ha salido la bola 69
El carton 48363, tiene el numero 69 
El carton 48361, tiene el numero 69 
El carton 48369, tiene el numero 69 
############################### Ha salido la bola 44
El carton 48364, tiene el numero 44 
El carton 48361, tiene el numero 44 
El carton 48361, tiene linea HORIZONTAL: 
casilla marcada 27 en f:0, c:1 
casilla marcada 44 en f:0, c:2 
casilla marcada 53 en f:0, c:3 
casilla marcada 69 en f:0, c:4 
El carton 48362, tiene el numero 44 
############################### Ha salido la bola 70
El carton 48360, tiene el numero 70 
El carton 48365, tiene el numero 70 
############################### Ha salido la bola 40
El carton 48365, tiene el numero 40 
El carton 48365, tiene linea HORIZONTAL: 
casilla marcada 12 en f:4, c:0 
casilla marcada 22 en f:4, c:1 
casilla marcada 40 en f:4, c:2 
casilla marcada 58 en f:4, c:3 
############################### Ha salido la bola 7
El carton 48367, tiene el numero 7 
El carton 48361, tiene el numero 7 
El carton 48366, tiene el numero 7 
El carton 48362, tiene el numero 7 
El carton 48364, tiene el numero 7 
############################### Ha salido la bola 75
############################### Ha salido la bola 35
El carton 48361, tiene el numero 35 
El carton 48366, tiene el numero 35 
El carton 48366, tiene linea DIAGONAL: 
casilla marcada 58 en f:0, c:3 
casilla marcada 35 en f:1, c:2 
casilla marcada 27 en f:2, c:1 
casilla marcada 7 en f:3, c:0 
El carton 48363, tiene el numero 35 
El carton 48363, tiene linea VERTICAL: 
casilla marcada 32 en f:0, c:2 
casilla marcada 35 en f:1, c:2 
casilla marcada 43 en f:3, c:2 
casilla marcada 34 en f:4, c:2 
El carton 48369, tiene el numero 35 
El carton 48369, tiene linea HORIZONTAL: 
casilla marcada 1 en f:4, c:0 
casilla marcada 25 en f:4, c:1 
casilla marcada 35 en f:4, c:2 
casilla marcada 54 en f:4, c:3 
############################### Ha salido la bola 74
El carton 48362, tiene el numero 74 
El carton 48364, tiene el numero 74 
El carton 48364, tiene linea HORIZONTAL: 
casilla marcada 1 en f:3, c:0 
casilla marcada 17 en f:3, c:1 
casilla marcada 41 en f:3, c:2 
casilla marcada 74 en f:3, c:4 
############################### Ha salido la bola 69
El carton 48361, tiene el numero 69 
El carton 48363, tiene el numero 69 
El carton 48369, tiene el numero 69 
############################### Ha salido la bola 29
El carton 48367, tiene el numero 29 
El carton 48367, tiene linea VERTICAL: 
casilla marcada 29 en f:0, c:1 
casilla marcada 22 en f:2, c:1 
casilla marcada 27 en f:3, c:1 
casilla marcada 24 en f:4, c:1 
El carton 48360, tiene el numero 29 
El carton 48361, tiene el numero 29 
El carton 48361, tiene linea VERTICAL: 
casilla marcada 27 en f:0, c:1 
casilla marcada 22 en f:2, c:1 
casilla marcada 29 en f:3, c:1 
casilla marcada 25 en f:4, c:1 
############################### Ha salido la bola 68
El carton 48367, tiene el numero 68 
El carton 48368, tiene el numero 68 
El carton 48364, tiene el numero 68 
############################### Ha salido la bola 60
############################### Ha salido la bola 38
El carton 48362, tiene el numero 38 
############################### Ha salido la bola 39
El carton 48366, tiene el numero 39 
El carton 48366, tiene linea HORIZONTAL: 
casilla marcada 22 en f:0, c:1 
casilla marcada 39 en f:0, c:2 
casilla marcada 58 en f:0, c:3 
casilla marcada 71 en f:0, c:4 
El carton 48361, tiene el numero 39 
El carton 48361, tiene linea VERTICAL: 
casilla marcada 44 en f:0, c:2 
casilla marcada 41 en f:1, c:2 
casilla marcada 39 en f:3, c:2 
casilla marcada 35 en f:4, c:2 
El carton 48364, tiene el numero 39 
El carton 48364, tiene linea VERTICAL: 
casilla marcada 31 en f:0, c:2 
casilla marcada 44 en f:1, c:2 
casilla marcada 41 en f:3, c:2 
casilla marcada 39 en f:4, c:2 
El carton 48367, tiene el numero 39 
############################### Ha salido la bola 47
El carton 48362, tiene el numero 47 
El carton 48368, tiene el numero 47 
############################### Ha salido la bola 64
El carton 48369, tiene el numero 64 
El carton 48369, tiene linea DIAGONAL: 
casilla marcada 24 en f:0, c:1 
casilla marcada 34 en f:1, c:2 
casilla marcada 57 en f:2, c:3 
casilla marcada 64 en f:3, c:4 
El carton 48367, tiene el numero 64 
El carton 48366, tiene el numero 64 
El carton 48360, tiene el numero 64 
El carton 48361, tiene el numero 64 
############################### Ha salido la bola 47
El carton 48362, tiene el numero 47 
El carton 48368, tiene el numero 47 
############################### Ha salido la bola 70
El carton 48360, tiene el numero 70 
El carton 48365, tiene el numero 70 
############################### Ha salido la bola 18
El carton 48368, tiene el numero 18 
El carton 48362, tiene el numero 18 
El carton 48360, tiene el numero 18 
############################### Ha salido la bola 12
El carton 48364, tiene el numero 12 
El carton 48366, tiene el numero 12 
El carton 48365, tiene el numero 12 
El carton 48368, tiene el numero 12 
############################### Ha salido la bola 41
El carton 48364, tiene el numero 41 
El carton 48361, tiene el numero 41 
El carton 48365, tiene el numero 41 
############################### Ha salido la bola 50
El carton 48365, tiene el numero 50 
El carton 48365, tiene linea VERTICAL: 
casilla marcada 54 en f:0, c:3 
casilla marcada 53 en f:1, c:3 
casilla marcada 50 en f:2, c:3 
casilla marcada 58 en f:4, c:3 
El carton 48363, tiene el numero 50 
El carton 48360, tiene el numero 50 
El carton 48367, tiene el numero 50 
El carton 48367, tiene linea HORIZONTAL: 
casilla marcada 14 en f:4, c:0 
casilla marcada 24 en f:4, c:1 
casilla marcada 32 en f:4, c:2 
casilla marcada 50 en f:4, c:3 
El carton 48364, tiene el numero 50 
############################### Ha salido la bola 31
El carton 48369, tiene el numero 31 
El carton 48364, tiene el numero 31 
El carton 48360, tiene el numero 31 
############################### Ha salido la bola 57
El carton 48367, tiene el numero 57 
El carton 48360, tiene el numero 57 
El carton 48366, tiene el numero 57 
El carton 48369, tiene el numero 57 
############################### Ha salido la bola 53
El carton 48361, tiene el numero 53 
El carton 48369, tiene el numero 53 
El carton 48365, tiene el numero 53 
############################### Ha salido la bola 62
El carton 48365, tiene el numero 62 
El carton 48360, tiene el numero 62 
El carton 48362, tiene el numero 62 
############################### Ha salido la bola 22
El carton 48367, tiene el numero 22 
El carton 48365, tiene el numero 22 
El carton 48361, tiene el numero 22 
El carton 48366, tiene el numero 22 
############################### Ha salido la bola 68
El carton 48364, tiene el numero 68 
El carton 48367, tiene el numero 68 
El carton 48368, tiene el numero 68 
############################### Ha salido la bola 9
El carton 48363, tiene el numero 9 
El carton 48360, tiene el numero 9 
############################### Ha salido la bola 11
El carton 48368, tiene el numero 11 
El carton 48368, tiene linea VERTICAL: 
casilla marcada 11 en f:1, c:0 
casilla marcada 1 en f:2, c:0 
casilla marcada 3 en f:3, c:0 
casilla marcada 12 en f:4, c:0 
El carton 48369, tiene el numero 11 
El carton 48369, tiene linea HORIZONTAL: 
casilla marcada 11 en f:3, c:0 
casilla marcada 17 en f:3, c:1 
casilla marcada 31 en f:3, c:2 
casilla marcada 64 en f:3, c:4 
El carton 48367, tiene el numero 11 
El carton 48367, tiene linea DIAGONAL: 
casilla marcada 11 en f:1, c:0 
casilla marcada 22 en f:2, c:1 
casilla marcada 43 en f:3, c:2 
casilla marcada 50 en f:4, c:3 
############################### Ha salido la bola 62
El carton 48362, tiene el numero 62 
El carton 48365, tiene el numero 62 
El carton 48360, tiene el numero 62 
############################### Ha salido la bola 59
El carton 48364, tiene el numero 59 
El carton 48364, tiene linea DIAGONAL: 
casilla marcada 59 en f:0, c:3 
casilla marcada 44 en f:1, c:2 
casilla marcada 21 en f:2, c:1 
casilla marcada 1 en f:3, c:0 
El carton 48360, tiene el numero 59 
El carton 48360, tiene linea DIAGONAL: 
casilla marcada 70 en f:1, c:4 
casilla marcada 59 en f:2, c:3 
casilla marcada 31 en f:3, c:2 
casilla marcada 18 en f:4, c:1 
############################### Ha salido la bola 45
############################### Ha salido la bola 70
El carton 48360, tiene el numero 70 
El carton 48365, tiene el numero 70 
############################### Ha salido la bola 39
El carton 48366, tiene el numero 39 
El carton 48367, tiene el numero 39 
El carton 48361, tiene el numero 39 
El carton 48364, tiene el numero 39 
############################### Ha salido la bola 56
El carton 48363, tiene el numero 56 
El carton 48367, tiene el numero 56 
El carton 48367, tiene linea DIAGONAL: 
casilla marcada 64 en f:1, c:4 
casilla marcada 56 en f:2, c:3 
casilla marcada 43 en f:3, c:2 
casilla marcada 24 en f:4, c:1 
El carton 48364, tiene el numero 56 
El carton 48364, tiene linea HORIZONTAL: 
casilla marcada 7 en f:2, c:0 
casilla marcada 21 en f:2, c:1 
casilla marcada 56 en f:2, c:3 
casilla marcada 68 en f:2, c:4 
############################### Ha salido la bola 48
############################### Ha salido la bola 44
El carton 48362, tiene el numero 44 
El carton 48361, tiene el numero 44 
El carton 48364, tiene el numero 44 
############################### Ha salido la bola 58
El carton 48366, tiene el numero 58 
El carton 48365, tiene el numero 58 
El carton 48362, tiene el numero 58 
############################### Ha salido la bola 49
El carton 48369, tiene el numero 49 
El carton 48369, tiene linea VERTICAL: 
casilla marcada 49 en f:0, c:3 
casilla marcada 53 en f:1, c:3 
casilla marcada 57 en f:2, c:3 
casilla marcada 54 en f:4, c:3 
El carton 48360, tiene el numero 49 
El carton 48360, tiene linea VERTICAL: 
casilla marcada 50 en f:0, c:3 
casilla marcada 57 en f:1, c:3 
casilla marcada 59 en f:2, c:3 
casilla marcada 49 en f:4, c:3 
El carton 48361, tiene el numero 49 
############################### Ha salido la bola 60
############################### Ha salido la bola 70
El carton 48360, tiene el numero 70 
El carton 48365, tiene el numero 70 
############################### Ha salido la bola 59
El carton 48360, tiene el numero 59 
El carton 48364, tiene el numero 59 
############################### Ha salido la bola 35
El carton 48366, tiene el numero 35 
El carton 48369, tiene el numero 35 
El carton 48363, tiene el numero 35 
El carton 48361, tiene el numero 35 
############################### Ha salido la bola 10
El carton 48366, tiene el numero 10 
El carton 48361, tiene el numero 10 
El carton 48365, tiene el numero 10 
############################### Ha salido la bola 33
El carton 48365, tiene el numero 33 
El carton 48365, tiene linea DIAGONAL: 
casilla marcada 17 en f:0, c:1 
casilla marcada 33 en f:1, c:2 
casilla marcada 50 en f:2, c:3 
casilla marcada 62 en f:3, c:4 
El carton 48368, tiene el numero 33 
El carton 48367, tiene el numero 33 
El carton 48367, tiene linea VERTICAL: 
casilla marcada 39 en f:0, c:2 
casilla marcada 33 en f:1, c:2 
casilla marcada 43 en f:3, c:2 
casilla marcada 32 en f:4, c:2 
El carton 48367, tiene linea DIAGONAL: 
casilla marcada 29 en f:0, c:1 
casilla marcada 33 en f:1, c:2 
casilla marcada 56 en f:2, c:3 
casilla marcada 71 en f:3, c:4 
El carton 48367, tiene linea DIAGONAL: 
casilla marcada 57 en f:0, c:3 
casilla marcada 33 en f:1, c:2 
casilla marcada 22 en f:2, c:1 
casilla marcada 7 en f:3, c:0 
El carton 48362, tiene el numero 33 
El carton 48362, tiene linea VERTICAL: 
casilla marcada 34 en f:0, c:2 
casilla marcada 44 en f:1, c:2 
casilla marcada 38 en f:3, c:2 
casilla marcada 33 en f:4, c:2 
El carton 48362, tiene linea HORIZONTAL: 
casilla marcada 7 en f:4, c:0 
casilla marcada 21 en f:4, c:1 
casilla marcada 33 en f:4, c:2 
casilla marcada 58 en f:4, c:3 
El carton 48366, tiene el numero 33 
El carton 48366, tiene linea VERTICAL: 
casilla marcada 39 en f:0, c:2 
casilla marcada 35 en f:1, c:2 
casilla marcada 43 en f:3, c:2 
casilla marcada 33 en f:4, c:2 
El carton 48360, tiene el numero 33 
El carton 48360, tiene linea DIAGONAL: 
casilla marcada 29 en f:0, c:1 
casilla marcada 33 en f:1, c:2 
casilla marcada 59 en f:2, c:3 
casilla marcada 64 en f:3, c:4 
El carton 48360, tiene linea DIAGONAL: 
casilla marcada 50 en f:0, c:3 
casilla marcada 33 en f:1, c:2 
casilla marcada 24 en f:2, c:1 
casilla marcada 9 en f:3, c:0 
############################### Ha salido la bola 35
El carton 48363, tiene el numero 35 
El carton 48361, tiene el numero 35 
El carton 48369, tiene el numero 35 
El carton 48366, tiene el numero 35 
############################### Ha salido la bola 38
El carton 48362, tiene el numero 38 
############################### Ha salido la bola 51
El carton 48363, tiene el numero 51 
El carton 48366, tiene el numero 51 
############################### Ha salido la bola 47
El carton 48368, tiene el numero 47 
El carton 48362, tiene el numero 47 
############################### Ha salido la bola 40
El carton 48365, tiene el numero 40 
############################### Ha salido la bola 25
El carton 48369, tiene el numero 25 
El carton 48365, tiene el numero 25 
El carton 48361, tiene el numero 25 
############################### Ha salido la bola 42
############################### Ha salido la bola 50
El carton 48363, tiene el numero 50 
El carton 48365, tiene el numero 50 
El carton 48367, tiene el numero 50 
El carton 48364, tiene el numero 50 
El carton 48360, tiene el numero 50 
############################### Ha salido la bola 70
El carton 48365, tiene el numero 70 
El carton 48360, tiene el numero 70 
############################### Ha salido la bola 26
El carton 48360, tiene el numero 26 
El carton 48360, tiene linea VERTICAL: 
casilla marcada 29 en f:0, c:1 
casilla marcada 24 en f:2, c:1 
casilla marcada 26 en f:3, c:1 
casilla marcada 18 en f:4, c:1 
El carton 48360, tiene linea HORIZONTAL: 
casilla marcada 9 en f:3, c:0 
casilla marcada 26 en f:3, c:1 
casilla marcada 31 en f:3, c:2 
casilla marcada 64 en f:3, c:4 
El carton 48363, tiene el numero 26 
El carton 48365, tiene el numero 26 
El carton 48365, tiene linea VERTICAL: 
casilla marcada 17 en f:0, c:1 
casilla marcada 26 en f:2, c:1 
casilla marcada 25 en f:3, c:1 
casilla marcada 22 en f:4, c:1 
El carton 48365, tiene linea HORIZONTAL: 
casilla marcada 10 en f:2, c:0 
casilla marcada 26 en f:2, c:1 
casilla marcada 50 en f:2, c:3 
casilla marcada 70 en f:2, c:4 
El carton 48365, tiene linea DIAGONAL: 
casilla marcada 54 en f:0, c:3 
casilla marcada 33 en f:1, c:2 
casilla marcada 26 en f:2, c:1 
casilla marcada 14 en f:3, c:0 
El carton 48362, tiene el numero 26 
El carton 48362, tiene linea VERTICAL: 
casilla marcada 18 en f:0, c:1 
casilla marcada 28 en f:2, c:1 
casilla marcada 26 en f:3, c:1 
casilla marcada 21 en f:4, c:1 
El carton 48362, tiene linea HORIZONTAL: 
casilla marcada 1 en f:3, c:0 
casilla marcada 26 en f:3, c:1 
casilla marcada 38 en f:3, c:2 
casilla marcada 62 en f:3, c:4 
El carton 48362, tiene linea DIAGONAL: 
casilla marcada 74 en f:0, c:4 
casilla marcada 47 en f:1, c:3 
casilla marcada 26 en f:3, c:1 
casilla marcada 7 en f:4, c:0 
############################### Ha salido la bola 46
El carton 48366, tiene el numero 46 
El carton 48366, tiene linea VERTICAL: 
casilla marcada 58 en f:0, c:3 
casilla marcada 46 en f:1, c:3 
casilla marcada 57 en f:2, c:3 
casilla marcada 51 en f:4, c:3 
El carton 48366, tiene linea DIAGONAL: 
casilla marcada 71 en f:0, c:4 
casilla marcada 46 en f:1, c:3 
casilla marcada 21 en f:3, c:1 
casilla marcada 12 en f:4, c:0 
El carton 48362, tiene el numero 46 
El carton 48362, tiene linea DIAGONAL: 
casilla marcada 18 en f:0, c:1 
casilla marcada 44 en f:1, c:2 
casilla marcada 46 en f:2, c:3 
casilla marcada 62 en f:3, c:4 
El carton 48364, tiene el numero 46 
El carton 48364, tiene linea VERTICAL: 
casilla marcada 59 en f:0, c:3 
casilla marcada 50 en f:1, c:3 
casilla marcada 56 en f:2, c:3 
casilla marcada 46 en f:4, c:3 
El carton 48364, tiene linea HORIZONTAL: 
casilla marcada 12 en f:4, c:0 
casilla marcada 24 en f:4, c:1 
casilla marcada 39 en f:4, c:2 
casilla marcada 46 en f:4, c:3 
El carton 48364, tiene linea DIAGONAL: 
casilla marcada 14 en f:1, c:0 
casilla marcada 21 en f:2, c:1 
casilla marcada 41 en f:3, c:2 
casilla marcada 46 en f:4, c:3 
El carton 48367, tiene el numero 46 
El carton 48367, tiene linea HORIZONTAL: 
casilla marcada 11 en f:1, c:0 
casilla marcada 33 en f:1, c:2 
casilla marcada 46 en f:1, c:3 
casilla marcada 64 en f:1, c:4 
El carton 48367, tiene linea VERTICAL: 
casilla marcada 57 en f:0, c:3 
casilla marcada 46 en f:1, c:3 
casilla marcada 56 en f:2, c:3 
casilla marcada 50 en f:4, c:3 
############################### Ha salido la bola 60
############################### Ha salido la bola 68
El carton 48367, tiene el numero 68 
El carton 48368, tiene el numero 68 
El carton 48364, tiene el numero 68 
############################### Ha salido la bola 55
El carton 48368, tiene el numero 55 
El carton 48368, tiene linea HORIZONTAL: 
casilla marcada 1 en f:2, c:0 
casilla marcada 18 en f:2, c:1 
casilla marcada 55 en f:2, c:3 
casilla marcada 71 en f:2, c:4 
El carton 48368, tiene linea VERTICAL: 
casilla marcada 52 en f:0, c:3 
casilla marcada 54 en f:1, c:3 
casilla marcada 55 en f:2, c:3 
casilla marcada 47 en f:4, c:3 
El carton 48361, tiene el numero 55 
El carton 48361, tiene linea HORIZONTAL: 
casilla marcada 10 en f:2, c:0 
casilla marcada 22 en f:2, c:1 
casilla marcada 55 en f:2, c:3 
casilla marcada 64 en f:2, c:4 
El carton 48361, tiene linea VERTICAL: 
casilla marcada 53 en f:0, c:3 
casilla marcada 49 en f:1, c:3 
casilla marcada 55 en f:2, c:3 
casilla marcada 54 en f:4, c:3 
El carton 48362, tiene el numero 55 
El carton 48362, tiene linea HORIZONTAL: 
casilla marcada 18 en f:0, c:1 
casilla marcada 34 en f:0, c:2 
casilla marcada 55 en f:0, c:3 
casilla marcada 74 en f:0, c:4 
El carton 48362, tiene linea VERTICAL: 
casilla marcada 55 en f:0, c:3 
casilla marcada 47 en f:1, c:3 
casilla marcada 46 en f:2, c:3 
casilla marcada 58 en f:4, c:3 
El carton 48362, tiene linea DIAGONAL: 
casilla marcada 55 en f:0, c:3 
casilla marcada 44 en f:1, c:2 
casilla marcada 28 en f:2, c:1 
casilla marcada 1 en f:3, c:0 
El carton 48363, tiene el numero 55 
El carton 48363, tiene linea VERTICAL: 
casilla marcada 55 en f:0, c:3 
casilla marcada 51 en f:1, c:3 
casilla marcada 50 en f:2, c:3 
casilla marcada 56 en f:4, c:3 
############################### Ha salido la bola 51
El carton 48366, tiene el numero 51 
El carton 48363, tiene el numero 51 
############################### Ha salido la bola 60
############################### Ha salido la bola 52
El carton 48368, tiene el numero 52 
############################### Ha salido la bola 17
El carton 48365, tiene el numero 17 
El carton 48369, tiene el numero 17 
El carton 48364, tiene el numero 17 
############################### Ha salido la bola 70
El carton 48360, tiene el numero 70 
El carton 48365, tiene el numero 70 
############################### Ha salido la bola 53
El carton 48365, tiene el numero 53 
El carton 48361, tiene el numero 53 
El carton 48369, tiene el numero 53 
############################### Ha salido la bola 50
El carton 48363, tiene el numero 50 
El carton 48364, tiene el numero 50 
El carton 48365, tiene el numero 50 
El carton 48360, tiene el numero 50 
El carton 48367, tiene el numero 50 
############################### Ha salido la bola 71
El carton 48367, tiene el numero 71 
El carton 48365, tiene el numero 71 
El carton 48366, tiene el numero 71 
El carton 48368, tiene el numero 71 
El carton 48369, tiene el numero 71 
############################### Ha salido la bola 19
############################### Ha salido la bola 51
El carton 48363, tiene el numero 51 
El carton 48366, tiene el numero 51 
############################### Ha salido la bola 44
El carton 48362, tiene el numero 44 
El carton 48361, tiene el numero 44 
El carton 48364, tiene el numero 44 
############################### Ha salido la bola 52
El carton 48368, tiene el numero 52 
############################### Ha salido la bola 25
El carton 48365, tiene el numero 25 
El carton 48369, tiene el numero 25 
El carton 48361, tiene el numero 25 
############################### Ha salido la bola 31
El carton 48369, tiene el numero 31 
El carton 48364, tiene el numero 31 
El carton 48360, tiene el numero 31 
############################### Ha salido la bola 26
El carton 48362, tiene el numero 26 
El carton 48365, tiene el numero 26 
El carton 48360, tiene el numero 26 
El carton 48363, tiene el numero 26 
############################### Ha salido la bola 63
El carton 48365, tiene el numero 63 
El carton 48365, tiene linea VERTICAL: 
casilla marcada 71 en f:0, c:4 
casilla marcada 63 en f:1, c:4 
casilla marcada 70 en f:2, c:4 
casilla marcada 62 en f:3, c:4 
El carton 48363, tiene el numero 63 
El carton 48363, tiene linea HORIZONTAL: 
casilla marcada 9 en f:2, c:0 
casilla marcada 26 en f:2, c:1 
casilla marcada 50 en f:2, c:3 
casilla marcada 63 en f:2, c:4 
El carton 48364, tiene el numero 63 
El carton 48364, tiene linea DIAGONAL: 
casilla marcada 63 en f:0, c:4 
casilla marcada 50 en f:1, c:3 
casilla marcada 17 en f:3, c:1 
casilla marcada 12 en f:4, c:0 
El carton 48361, tiene el numero 63 
El carton 48361, tiene linea DIAGONAL: 
casilla marcada 63 en f:1, c:4 
casilla marcada 55 en f:2, c:3 
casilla marcada 39 en f:3, c:2 
casilla marcada 25 en f:4, c:1 
El carton 48362, tiene el numero 63 
El carton 48362, tiene linea DIAGONAL: 
casilla marcada 63 en f:1, c:4 
casilla marcada 46 en f:2, c:3 
casilla marcada 38 en f:3, c:2 
casilla marcada 21 en f:4, c:1 
############################### Ha salido la bola 46
El carton 48362, tiene el numero 46 
El carton 48366, tiene el numero 46 
El carton 48364, tiene el numero 46 
El carton 48367, tiene el numero 46 
############################### Ha salido la bola 75
############################### Ha salido la bola 66
El carton 48361, tiene el numero 66 
El carton 48361, tiene linea HORIZONTAL: 
casilla marcada 7 en f:3, c:0 
casilla marcada 29 en f:3, c:1 
casilla marcada 39 en f:3, c:2 
casilla marcada 66 en f:3, c:4 
El carton 48361, tiene linea VERTICAL: 
casilla marcada 69 en f:0, c:4 
casilla marcada 63 en f:1, c:4 
casilla marcada 64 en f:2, c:4 
casilla marcada 66 en f:3, c:4 
El carton 48361, tiene linea DIAGONAL: 
casilla marcada 27 en f:0, c:1 
casilla marcada 41 en f:1, c:2 
casilla marcada 55 en f:2, c:3 
casilla marcada 66 en f:3, c:4 
############################### Ha salido la bola 34
El carton 48362, tiene el numero 34 
El carton 48363, tiene el numero 34 
El carton 48369, tiene el numero 34 
############################### Ha salido la bola 17
El carton 48369, tiene el numero 17 
El carton 48365, tiene el numero 17 
El carton 48364, tiene el numero 17 
############################### Ha salido la bola 48
############################### Ha salido la bola 27
El carton 48366, tiene el numero 27 
El carton 48363, tiene el numero 27 
El carton 48367, tiene el numero 27 
El carton 48361, tiene el numero 27 
############################### Ha salido la bola 18
El carton 48368, tiene el numero 18 
El carton 48362, tiene el numero 18 
El carton 48360, tiene el numero 18 
############################### Ha salido la bola 23
El carton 48368, tiene el numero 23 
############################### Ha salido la bola 4
############################### Ha salido la bola 49
El carton 48369, tiene el numero 49 
El carton 48360, tiene el numero 49 
El carton 48361, tiene el numero 49 
############################### Ha salido la bola 10
El carton 48366, tiene el numero 10 
El carton 48365, tiene el numero 10 
El carton 48361, tiene el numero 10 
############################### Ha salido la bola 64
El carton 48361, tiene el numero 64 
El carton 48366, tiene el numero 64 
El carton 48369, tiene el numero 64 
El carton 48367, tiene el numero 64 
El carton 48360, tiene el numero 64 
############################### Ha salido la bola 44
El carton 48364, tiene el numero 44 
El carton 48361, tiene el numero 44 
El carton 48362, tiene el numero 44 
############################### Ha salido la bola 24
El carton 48367, tiene el numero 24 
El carton 48360, tiene el numero 24 
El carton 48369, tiene el numero 24 
El carton 48364, tiene el numero 24 
############################### Ha salido la bola 70
El carton 48360, tiene el numero 70 
El carton 48365, tiene el numero 70 
############################### Ha salido la bola 66
El carton 48361, tiene el numero 66 
############################### Ha salido la bola 39
El carton 48367, tiene el numero 39 
El carton 48366, tiene el numero 39 
El carton 48361, tiene el numero 39 
El carton 48364, tiene el numero 39 
############################### Ha salido la bola 54
El carton 48365, tiene el numero 54 
El carton 48369, tiene el numero 54 
El carton 48361, tiene el numero 54 
El carton 48368, tiene el numero 54 
############################### Ha salido la bola 58
El carton 48365, tiene el numero 58 
El carton 48366, tiene el numero 58 
El carton 48362, tiene el numero 58 
############################### Ha salido la bola 12
El carton 48365, tiene el numero 12 
El carton 48364, tiene el numero 12 
El carton 48368, tiene el numero 12 
El carton 48366, tiene el numero 12 
############################### Ha salido la bola 17
El carton 48365, tiene el numero 17 
El carton 48364, tiene el numero 17 
El carton 48369, tiene el numero 17 
############################### Ha salido la bola 6
El carton 48363, tiene el numero 6 
El carton 48363, tiene linea HORIZONTAL: 
casilla marcada 6 en f:1, c:0 
casilla marcada 35 en f:1, c:2 
casilla marcada 51 en f:1, c:3 
casilla marcada 69 en f:1, c:4 
El carton 48363, tiene linea DIAGONAL: 
casilla marcada 6 en f:1, c:0 
casilla marcada 26 en f:2, c:1 
casilla marcada 43 en f:3, c:2 
casilla marcada 56 en f:4, c:3 
El carton 48369, tiene el numero 6 
El carton 48367, tiene el numero 6 
El carton 48367, tiene linea VERTICAL: 
casilla marcada 11 en f:1, c:0 
casilla marcada 6 en f:2, c:0 
casilla marcada 7 en f:3, c:0 
casilla marcada 14 en f:4, c:0 
El carton 48367, tiene linea HORIZONTAL: 
casilla marcada 6 en f:2, c:0 
casilla marcada 22 en f:2, c:1 
casilla marcada 56 en f:2, c:3 
casilla marcada 68 en f:2, c:4 
El carton 48361, tiene el numero 6 
El carton 48361, tiene linea HORIZONTAL: 
casilla marcada 6 en f:1, c:0 
casilla marcada 41 en f:1, c:2 
casilla marcada 49 en f:1, c:3 
casilla marcada 63 en f:1, c:4 
El carton 48361, tiene linea DIAGONAL: 
casilla marcada 6 en f:1, c:0 
casilla marcada 22 en f:2, c:1 
casilla marcada 39 en f:3, c:2 
casilla marcada 54 en f:4, c:3 
El carton 48360, tiene el numero 6 
El carton 48360, tiene linea HORIZONTAL: 
casilla marcada 6 en f:4, c:0 
casilla marcada 18 en f:4, c:1 
casilla marcada 32 en f:4, c:2 
casilla marcada 49 en f:4, c:3 
El carton 48360, tiene linea DIAGONAL: 
casilla marcada 62 en f:0, c:4 
casilla marcada 57 en f:1, c:3 
casilla marcada 26 en f:3, c:1 
casilla marcada 6 en f:4, c:0 
############################### Ha salido la bola 12
El carton 48366, tiene el numero 12 
El carton 48365, tiene el numero 12 
El carton 48368, tiene el numero 12 
El carton 48364, tiene el numero 12 
############################### Ha salido la bola 6
El carton 48360, tiene el numero 6 
El carton 48367, tiene el numero 6 
El carton 48361, tiene el numero 6 
El carton 48363, tiene el numero 6 
El carton 48369, tiene el numero 6 
############################### Ha salido la bola 56
El carton 48367, tiene el numero 56 
El carton 48363, tiene el numero 56 
El carton 48364, tiene el numero 56 
############################### Ha salido la bola 25
El carton 48369, tiene el numero 25 
El carton 48361, tiene el numero 25 
El carton 48365, tiene el numero 25 
############################### Ha salido la bola 25
El carton 48365, tiene el numero 25 
El carton 48369, tiene el numero 25 
El carton 48361, tiene el numero 25 
############################### Ha salido la bola 70
El carton 48365, tiene el numero 70 
El carton 48360, tiene el numero 70 
############################### Ha salido la bola 30
############################### Ha salido la bola 6
El carton 48369, tiene el numero 6 
El carton 48363, tiene el numero 6 
El carton 48367, tiene el numero 6 
El carton 48361, tiene el numero 6 
El carton 48360, tiene el numero 6 
############################### Ha salido la bola 25
El carton 48365, tiene el numero 25 
El carton 48361, tiene el numero 25 
El carton 48369, tiene el numero 25 
############################### Ha salido la bola 46
El carton 48367, tiene el numero 46 
El carton 48362, tiene el numero 46 
El carton 48366, tiene el numero 46 
El carton 48364, tiene el numero 46 
############################### Ha salido la bola 60
############################### Ha salido la bola 32
El carton 48368, tiene el numero 32 
El carton 48363, tiene el numero 32 
El carton 48367, tiene el numero 32 
El carton 48360, tiene el numero 32 
############################### Ha salido la bola 43
El carton 48366, tiene el numero 43 
El carton 48367, tiene el numero 43 
El carton 48363, tiene el numero 43 
############################### Ha salido la bola 23
El carton 48368, tiene el numero 23 
############################### Ha salido la bola 68
El carton 48364, tiene el numero 68 
El carton 48368, tiene el numero 68 
El carton 48367, tiene el numero 68 
############################### Ha salido la bola 1
El carton 48362, tiene el numero 1 
El carton 48368, tiene el numero 1 
El carton 48369, tiene el numero 1 
El carton 48364, tiene el numero 1 
############################### Ha salido la bola 1
El carton 48362, tiene el numero 1 
El carton 48369, tiene el numero 1 
El carton 48368, tiene el numero 1 
El carton 48364, tiene el numero 1 
############################### Ha salido la bola 30
############################### Ha salido la bola 71
El carton 48369, tiene el numero 71 
El carton 48366, tiene el numero 71 
El carton 48365, tiene el numero 71 
El carton 48368, tiene el numero 71 
El carton 48367, tiene el numero 71 
############################### Ha salido la bola 31
El carton 48369, tiene el numero 31 
El carton 48364, tiene el numero 31 
El carton 48360, tiene el numero 31 
############################### Ha salido la bola 15
############################### Ha salido la bola 31
El carton 48360, tiene el numero 31 
El carton 48364, tiene el numero 31 
El carton 48369, tiene el numero 31 
############################### Ha salido la bola 53
El carton 48369, tiene el numero 53 
El carton 48365, tiene el numero 53 
El carton 48361, tiene el numero 53 
############################### Ha salido la bola 33
El carton 48368, tiene el numero 33 
El carton 48367, tiene el numero 33 
El carton 48365, tiene el numero 33 
El carton 48360, tiene el numero 33 
El carton 48366, tiene el numero 33 
El carton 48362, tiene el numero 33 
############################### Ha salido la bola 64
El carton 48367, tiene el numero 64 
El carton 48366, tiene el numero 64 
El carton 48360, tiene el numero 64 
El carton 48369, tiene el numero 64 
El carton 48361, tiene el numero 64 
############################### Ha salido la bola 65
El carton 48369, tiene el numero 65 
El carton 48369, tiene linea HORIZONTAL: 
casilla marcada 6 en f:1, c:0 
casilla marcada 34 en f:1, c:2 
casilla marcada 53 en f:1, c:3 
casilla marcada 65 en f:1, c:4 
El carton 48369, tiene linea VERTICAL: 
casilla marcada 71 en f:0, c:4 
casilla marcada 65 en f:1, c:4 
casilla marcada 69 en f:2, c:4 
casilla marcada 64 en f:3, c:4 
El carton 48369, tiene linea DIAGONAL: 
casilla marcada 65 en f:1, c:4 
casilla marcada 57 en f:2, c:3 
casilla marcada 31 en f:3, c:2 
casilla marcada 25 en f:4, c:1 
El carton 48368, tiene el numero 65 
El carton 48368, tiene linea DIAGONAL: 
casilla marcada 23 en f:0, c:1 
casilla marcada 32 en f:1, c:2 
casilla marcada 55 en f:2, c:3 
casilla marcada 65 en f:3, c:4 
El carton 48366, tiene el numero 65 
El carton 48366, tiene linea HORIZONTAL: 
casilla marcada 10 en f:2, c:0 
casilla marcada 27 en f:2, c:1 
casilla marcada 57 en f:2, c:3 
casilla marcada 65 en f:2, c:4 
############################### Ha salido la bola 38
El carton 48362, tiene el numero 38 
############################### Ha salido la bola 26
El carton 48363, tiene el numero 26 
El carton 48362, tiene el numero 26 
El carton 48360, tiene el numero 26 
El carton 48365, tiene el numero 26 
############################### Ha salido la bola 15
############################### Ha salido la bola 14
El carton 48367, tiene el numero 14 
El carton 48365, tiene el numero 14 
El carton 48364, tiene el numero 14 
############################### Ha salido la bola 22
El carton 48366, tiene el numero 22 
El carton 48367, tiene el numero 22 
El carton 48365, tiene el numero 22 
El carton 48361, tiene el numero 22 
############################### Ha salido la bola 29
El carton 48367, tiene el numero 29 
El carton 48360, tiene el numero 29 
El carton 48361, tiene el numero 29 
############################### Ha salido la bola 35
El carton 48363, tiene el numero 35 
El carton 48369, tiene el numero 35 
El carton 48366, tiene el numero 35 
El carton 48361, tiene el numero 35 
############################### Ha salido la bola 21
El carton 48364, tiene el numero 21 
El carton 48366, tiene el numero 21 
El carton 48362, tiene el numero 21 
############################### Ha salido la bola 65
El carton 48369, tiene el numero 65 
El carton 48368, tiene el numero 65 
El carton 48366, tiene el numero 65 
############################### Ha salido la bola 65
El carton 48369, tiene el numero 65 
El carton 48366, tiene el numero 65 
El carton 48368, tiene el numero 65 
############################### Ha salido la bola 9
El carton 48360, tiene el numero 9 
El carton 48363, tiene el numero 9 
############################### Ha salido la bola 56
El carton 48363, tiene el numero 56 
El carton 48367, tiene el numero 56 
El carton 48364, tiene el numero 56 
############################### Ha salido la bola 18
El carton 48368, tiene el numero 18 
El carton 48362, tiene el numero 18 
El carton 48360, tiene el numero 18 
############################### Ha salido la bola 13
El carton 48365, tiene el numero 13 
El carton 48365, tiene linea VERTICAL: 
casilla marcada 13 en f:1, c:0 
casilla marcada 10 en f:2, c:0 
casilla marcada 14 en f:3, c:0 
casilla marcada 12 en f:4, c:0 
El carton 48365, tiene linea HORIZONTAL: 
casilla marcada 13 en f:1, c:0 
casilla marcada 33 en f:1, c:2 
casilla marcada 53 en f:1, c:3 
casilla marcada 63 en f:1, c:4 
El carton 48362, tiene el numero 13 
El carton 48362, tiene linea HORIZONTAL: 
casilla marcada 13 en f:1, c:0 
casilla marcada 44 en f:1, c:2 
casilla marcada 47 en f:1, c:3 
casilla marcada 63 en f:1, c:4 
El carton 48362, tiene linea DIAGONAL: 
casilla marcada 13 en f:1, c:0 
casilla marcada 28 en f:2, c:1 
casilla marcada 38 en f:3, c:2 
casilla marcada 58 en f:4, c:3 
############################### Ha salido la bola 32
El carton 48367, tiene el numero 32 
El carton 48360, tiene el numero 32 
El carton 48363, tiene el numero 32 
El carton 48368, tiene el numero 32 
############################### Ha salido la bola 31
El carton 48364, tiene el numero 31 
El carton 48369, tiene el numero 31 
El carton 48360, tiene el numero 31 
############################### Ha salido la bola 39
El carton 48361, tiene el numero 39 
El carton 48364, tiene el numero 39 
El carton 48366, tiene el numero 39 
El carton 48367, tiene el numero 39 
############################### Ha salido la bola 49
El carton 48369, tiene el numero 49 
El carton 48361, tiene el numero 49 
El carton 48360, tiene el numero 49 
############################### Ha salido la bola 67
El carton 48363, tiene el numero 67 
El carton 48367, tiene el numero 67 
El carton 48367, tiene linea HORIZONTAL: 
casilla marcada 29 en f:0, c:1 
casilla marcada 39 en f:0, c:2 
casilla marcada 57 en f:0, c:3 
casilla marcada 67 en f:0, c:4 
El carton 48367, tiene linea VERTICAL: 
casilla marcada 67 en f:0, c:4 
casilla marcada 64 en f:1, c:4 
casilla marcada 68 en f:2, c:4 
casilla marcada 71 en f:3, c:4 
El carton 48367, tiene linea DIAGONAL: 
casilla marcada 67 en f:0, c:4 
casilla marcada 46 en f:1, c:3 
casilla marcada 27 en f:3, c:1 
casilla marcada 14 en f:4, c:0 
El carton 48367, tiene BINGO!!!
