Partida:3488
Número de cartones:10
############################### Ha salido la bola 16
El carton 34886, tiene el numero 16 
El carton 34884, tiene el numero 16 
El carton 34887, tiene el numero 16 
############################### Ha salido la bola 71
El carton 34886, tiene el numero 71 
El carton 34881, tiene el numero 71 
El carton 34880, tiene el numero 71 
############################### Ha salido la bola 72
El carton 34884, tiene el numero 72 
El carton 34887, tiene el numero 72 
El carton 34883, tiene el numero 72 
El carton 34889, tiene el numero 72 
############################### Ha salido la bola 5
El carton 34881, tiene el numero 5 
El carton 34889, tiene el numero 5 
El carton 34884, tiene el numero 5 
El carton 34888, tiene el numero 5 
############################### Ha salido la bola 57
El carton 34884, tiene el numero 57 
El carton 34883, tiene el numero 57 
El carton 34887, tiene el numero 57 
############################### Ha salido la bola 42
El carton 34881, tiene el numero 42 
El carton 34888, tiene el numero 42 
El carton 34883, tiene el numero 42 
El carton 34887, tiene el numero 42 
############################### Ha salido la bola 65
El carton 34880, tiene el numero 65 
El carton 34885, tiene el numero 65 
############################### Ha salido la bola 22
El carton 34882, tiene el numero 22 
El carton 34887, tiene el numero 22 
El carton 34881, tiene el numero 22 
El carton 34889, tiene el numero 22 
############################### Ha salido la bola 54
El carton 34883, tiene el numero 54 
El carton 34886, tiene el numero 54 
############################### Ha salido la bola 55
El carton 34886, tiene el numero 55 
El carton 34880, tiene el numero 55 
El carton 34882, tiene el numero 55 
El carton 34881, tiene el numero 55 
############################### Ha salido la bola 41
El carton 34884, tiene el numero 41 
El carton 34881, tiene el numero 41 
El carton 34880, tiene el numero 41 
El carton 34885, tiene el numero 41 
############################### Ha salido la bola 22
El carton 34882, tiene el numero 22 
El carton 34887, tiene el numero 22 
El carton 34881, tiene el numero 22 
El carton 34889, tiene el numero 22 
############################### Ha salido la bola 23
El carton 34885, tiene el numero 23 
El carton 34882, tiene el numero 23 
El carton 34888, tiene el numero 23 
############################### Ha salido la bola 3
El carton 34880, tiene el numero 3 
############################### Ha salido la bola 52
El carton 34886, tiene el numero 52 
El carton 34882, tiene el numero 52 
El carton 34884, tiene el numero 52 
############################### Ha salido la bola 74
El carton 34884, tiene el numero 74 
El carton 34882, tiene el numero 74 
El carton 34888, tiene el numero 74 
############################### Ha salido la bola 15
############################### Ha salido la bola 39
El carton 34888, tiene el numero 39 
El carton 34881, tiene el numero 39 
El carton 34881, tiene linea DIAGONAL: 
casilla marcada 22 en f:0, c:1 
casilla marcada 39 en f:1, c:2 
casilla marcada 55 en f:2, c:3 
casilla marcada 71 en f:3, c:4 
El carton 34889, tiene el numero 39 
El carton 34886, tiene el numero 39 
############################### Ha salido la bola 17
El carton 34884, tiene el numero 17 
El carton 34885, tiene el numero 17 
El carton 34887, tiene el numero 17 
El carton 34880, tiene el numero 17 
############################### Ha salido la bola 75
############################### Ha salido la bola 43
El carton 34885, tiene el numero 43 
El carton 34880, tiene el numero 43 
############################### Ha salido la bola 39
El carton 34888, tiene el numero 39 
El carton 34881, tiene el numero 39 
El carton 34889, tiene el numero 39 
El carton 34886, tiene el numero 39 
############################### Ha salido la bola 43
El carton 34885, tiene el numero 43 
El carton 34880, tiene el numero 43 
############################### Ha salido la bola 63
El carton 34882, tiene el numero 63 
El carton 34883, tiene el numero 63 
El carton 34881, tiene el numero 63 
El carton 34889, tiene el numero 63 
El carton 34886, tiene el numero 63 
El carton 34885, tiene el numero 63 
############################### Ha salido la bola 9
El carton 34883, tiene el numero 9 
El carton 34884, tiene el numero 9 
El carton 34882, tiene el numero 9 
El carton 34885, tiene el numero 9 
El carton 34888, tiene el numero 9 
############################### Ha salido la bola 43
El carton 34885, tiene el numero 43 
El carton 34880, tiene el numero 43 
############################### Ha salido la bola 64
############################### Ha salido la bola 24
El carton 34881, tiene el numero 24 
El carton 34881, tiene linea DIAGONAL: 
casilla marcada 63 en f:1, c:4 
casilla marcada 55 en f:2, c:3 
casilla marcada 41 en f:3, c:2 
casilla marcada 24 en f:4, c:1 
El carton 34880, tiene el numero 24 
El carton 34888, tiene el numero 24 
El carton 34884, tiene el numero 24 
############################### Ha salido la bola 60
############################### Ha salido la bola 53
El carton 34888, tiene el numero 53 
El carton 34889, tiene el numero 53 
El carton 34884, tiene el numero 53 
############################### Ha salido la bola 25
El carton 34882, tiene el numero 25 
El carton 34886, tiene el numero 25 
############################### Ha salido la bola 13
El carton 34889, tiene el numero 13 
############################### Ha salido la bola 75
############################### Ha salido la bola 63
El carton 34881, tiene el numero 63 
El carton 34889, tiene el numero 63 
El carton 34883, tiene el numero 63 
El carton 34882, tiene el numero 63 
El carton 34885, tiene el numero 63 
El carton 34886, tiene el numero 63 
############################### Ha salido la bola 60
############################### Ha salido la bola 75
############################### Ha salido la bola 37
El carton 34881, tiene el numero 37 
El carton 34881, tiene linea VERTICAL: 
casilla marcada 37 en f:0, c:2 
casilla marcada 39 en f:1, c:2 
casilla marcada 41 en f:3, c:2 
casilla marcada 42 en f:4, c:2 
El carton 34882, tiene el numero 37 
El carton 34886, tiene el numero 37 
El carton 34889, tiene el numero 37 
############################### Ha salido la bola 73
El carton 34887, tiene el numero 73 
El carton 34888, tiene el numero 73 
El carton 34881, tiene el numero 73 
El carton 34882, tiene el numero 73 
############################### Ha salido la bola 61
El carton 34885, tiene el numero 61 
El carton 34887, tiene el numero 61 
El carton 34888, tiene el numero 61 
El carton 34889, tiene el numero 61 
El carton 34883, tiene el numero 61 
El carton 34881, tiene el numero 61 
El carton 34881, tiene linea VERTICAL: 
casilla marcada 73 en f:0, c:4 
casilla marcada 63 en f:1, c:4 
casilla marcada 61 en f:2, c:4 
casilla marcada 71 en f:3, c:4 
############################### Ha salido la bola 23
El carton 34882, tiene el numero 23 
El carton 34888, tiene el numero 23 
El carton 34885, tiene el numero 23 
############################### Ha salido la bola 25
El carton 34882, tiene el numero 25 
El carton 34886, tiene el numero 25 
############################### Ha salido la bola 8
El carton 34887, tiene el numero 8 
El carton 34886, tiene el numero 8 
############################### Ha salido la bola 22
El carton 34889, tiene el numero 22 
El carton 34887, tiene el numero 22 
El carton 34881, tiene el numero 22 
El carton 34882, tiene el numero 22 
############################### Ha salido la bola 10
El carton 34888, tiene el numero 10 
El carton 34884, tiene el numero 10 
El carton 34883, tiene el numero 10 
El carton 34889, tiene el numero 10 
El carton 34882, tiene el numero 10 
############################### Ha salido la bola 24
El carton 34881, tiene el numero 24 
El carton 34888, tiene el numero 24 
El carton 34880, tiene el numero 24 
El carton 34884, tiene el numero 24 
############################### Ha salido la bola 38
El carton 34885, tiene el numero 38 
El carton 34889, tiene el numero 38 
El carton 34886, tiene el numero 38 
El carton 34880, tiene el numero 38 
############################### Ha salido la bola 10
El carton 34889, tiene el numero 10 
El carton 34884, tiene el numero 10 
El carton 34883, tiene el numero 10 
El carton 34882, tiene el numero 10 
El carton 34888, tiene el numero 10 
############################### Ha salido la bola 32
El carton 34883, tiene el numero 32 
############################### Ha salido la bola 22
El carton 34887, tiene el numero 22 
El carton 34889, tiene el numero 22 
El carton 34882, tiene el numero 22 
El carton 34881, tiene el numero 22 
############################### Ha salido la bola 53
El carton 34884, tiene el numero 53 
El carton 34889, tiene el numero 53 
El carton 34888, tiene el numero 53 
############################### Ha salido la bola 73
El carton 34887, tiene el numero 73 
El carton 34888, tiene el numero 73 
El carton 34882, tiene el numero 73 
El carton 34881, tiene el numero 73 
############################### Ha salido la bola 20
El carton 34882, tiene el numero 20 
El carton 34882, tiene linea VERTICAL: 
casilla marcada 20 en f:0, c:1 
casilla marcada 23 en f:2, c:1 
casilla marcada 25 en f:3, c:1 
casilla marcada 22 en f:4, c:1 
El carton 34882, tiene linea DIAGONAL: 
casilla marcada 20 en f:0, c:1 
casilla marcada 37 en f:1, c:2 
casilla marcada 55 en f:2, c:3 
casilla marcada 73 en f:3, c:4 
El carton 34883, tiene el numero 20 
############################### Ha salido la bola 34
El carton 34884, tiene el numero 34 
El carton 34884, tiene linea DIAGONAL: 
casilla marcada 9 en f:1, c:0 
casilla marcada 16 en f:2, c:1 
casilla marcada 34 en f:3, c:2 
casilla marcada 53 en f:4, c:3 
El carton 34884, tiene linea DIAGONAL: 
casilla marcada 72 en f:1, c:4 
casilla marcada 57 en f:2, c:3 
casilla marcada 34 en f:3, c:2 
casilla marcada 24 en f:4, c:1 
############################### Ha salido la bola 7
El carton 34883, tiene el numero 7 
El carton 34880, tiene el numero 7 
El carton 34886, tiene el numero 7 
El carton 34886, tiene linea HORIZONTAL: 
casilla marcada 7 en f:4, c:0 
casilla marcada 16 en f:4, c:1 
casilla marcada 37 en f:4, c:2 
casilla marcada 55 en f:4, c:3 
El carton 34887, tiene el numero 7 
El carton 34885, tiene el numero 7 
El carton 34881, tiene el numero 7 
############################### Ha salido la bola 3
El carton 34880, tiene el numero 3 
############################### Ha salido la bola 35
El carton 34887, tiene el numero 35 
El carton 34887, tiene linea HORIZONTAL: 
casilla marcada 8 en f:3, c:0 
casilla marcada 16 en f:3, c:1 
casilla marcada 35 en f:3, c:2 
casilla marcada 72 en f:3, c:4 
El carton 34888, tiene el numero 35 
############################### Ha salido la bola 29
El carton 34888, tiene el numero 29 
El carton 34881, tiene el numero 29 
El carton 34881, tiene linea HORIZONTAL: 
casilla marcada 7 en f:2, c:0 
casilla marcada 29 en f:2, c:1 
casilla marcada 55 en f:2, c:3 
casilla marcada 61 en f:2, c:4 
El carton 34887, tiene el numero 29 
El carton 34887, tiene linea VERTICAL: 
casilla marcada 17 en f:0, c:1 
casilla marcada 29 en f:2, c:1 
casilla marcada 16 en f:3, c:1 
casilla marcada 22 en f:4, c:1 
El carton 34884, tiene el numero 29 
El carton 34884, tiene linea VERTICAL: 
casilla marcada 17 en f:0, c:1 
casilla marcada 16 en f:2, c:1 
casilla marcada 29 en f:3, c:1 
casilla marcada 24 en f:4, c:1 
El carton 34884, tiene linea DIAGONAL: 
casilla marcada 74 en f:0, c:4 
casilla marcada 52 en f:1, c:3 
casilla marcada 29 en f:3, c:1 
casilla marcada 5 en f:4, c:0 
############################### Ha salido la bola 11
El carton 34886, tiene el numero 11 
############################### Ha salido la bola 41
El carton 34880, tiene el numero 41 
El carton 34884, tiene el numero 41 
El carton 34885, tiene el numero 41 
El carton 34881, tiene el numero 41 
############################### Ha salido la bola 14
El carton 34883, tiene el numero 14 
El carton 34883, tiene linea VERTICAL: 
casilla marcada 10 en f:1, c:0 
casilla marcada 7 en f:2, c:0 
casilla marcada 9 en f:3, c:0 
casilla marcada 14 en f:4, c:0 
El carton 34885, tiene el numero 14 
El carton 34885, tiene linea HORIZONTAL: 
casilla marcada 14 en f:3, c:0 
casilla marcada 17 en f:3, c:1 
casilla marcada 41 en f:3, c:2 
casilla marcada 65 en f:3, c:4 
El carton 34887, tiene el numero 14 
El carton 34887, tiene linea DIAGONAL: 
casilla marcada 14 en f:1, c:0 
casilla marcada 29 en f:2, c:1 
casilla marcada 35 en f:3, c:2 
casilla marcada 57 en f:4, c:3 
############################### Ha salido la bola 66
El carton 34882, tiene el numero 66 
El carton 34882, tiene linea HORIZONTAL: 
casilla marcada 10 en f:1, c:0 
casilla marcada 37 en f:1, c:2 
casilla marcada 52 en f:1, c:3 
casilla marcada 66 en f:1, c:4 
El carton 34882, tiene linea VERTICAL: 
casilla marcada 74 en f:0, c:4 
casilla marcada 66 en f:1, c:4 
casilla marcada 63 en f:2, c:4 
casilla marcada 73 en f:3, c:4 
############################### Ha salido la bola 65
El carton 34880, tiene el numero 65 
El carton 34885, tiene el numero 65 
############################### Ha salido la bola 16
El carton 34887, tiene el numero 16 
El carton 34886, tiene el numero 16 
El carton 34884, tiene el numero 16 
############################### Ha salido la bola 33
El carton 34882, tiene el numero 33 
El carton 34886, tiene el numero 33 
El carton 34886, tiene linea VERTICAL: 
casilla marcada 38 en f:0, c:2 
casilla marcada 33 en f:1, c:2 
casilla marcada 39 en f:3, c:2 
casilla marcada 37 en f:4, c:2 
El carton 34883, tiene el numero 33 
El carton 34883, tiene linea HORIZONTAL: 
casilla marcada 10 en f:1, c:0 
casilla marcada 33 en f:1, c:2 
casilla marcada 57 en f:1, c:3 
casilla marcada 61 en f:1, c:4 
El carton 34883, tiene linea DIAGONAL: 
casilla marcada 54 en f:0, c:3 
casilla marcada 33 en f:1, c:2 
casilla marcada 20 en f:2, c:1 
casilla marcada 9 en f:3, c:0 
############################### Ha salido la bola 10
El carton 34884, tiene el numero 10 
El carton 34889, tiene el numero 10 
El carton 34888, tiene el numero 10 
El carton 34883, tiene el numero 10 
El carton 34882, tiene el numero 10 
############################### Ha salido la bola 3
El carton 34880, tiene el numero 3 
############################### Ha salido la bola 71
El carton 34881, tiene el numero 71 
El carton 34880, tiene el numero 71 
El carton 34886, tiene el numero 71 
############################### Ha salido la bola 30
############################### Ha salido la bola 57
El carton 34887, tiene el numero 57 
El carton 34884, tiene el numero 57 
El carton 34883, tiene el numero 57 
############################### Ha salido la bola 18
El carton 34880, tiene el numero 18 
El carton 34886, tiene el numero 18 
El carton 34886, tiene linea DIAGONAL: 
casilla marcada 11 en f:1, c:0 
casilla marcada 18 en f:2, c:1 
casilla marcada 39 en f:3, c:2 
casilla marcada 55 en f:4, c:3 
El carton 34886, tiene linea DIAGONAL: 
casilla marcada 52 en f:0, c:3 
casilla marcada 33 en f:1, c:2 
casilla marcada 18 en f:2, c:1 
casilla marcada 8 en f:3, c:0 
El carton 34881, tiene el numero 18 
El carton 34881, tiene linea VERTICAL: 
casilla marcada 22 en f:0, c:1 
casilla marcada 29 en f:2, c:1 
casilla marcada 18 en f:3, c:1 
casilla marcada 24 en f:4, c:1 
############################### Ha salido la bola 43
El carton 34885, tiene el numero 43 
El carton 34880, tiene el numero 43 
############################### Ha salido la bola 75
############################### Ha salido la bola 67
El carton 34889, tiene el numero 67 
El carton 34889, tiene linea VERTICAL: 
casilla marcada 61 en f:0, c:4 
casilla marcada 67 en f:1, c:4 
casilla marcada 72 en f:2, c:4 
casilla marcada 63 en f:3, c:4 
############################### Ha salido la bola 40
El carton 34884, tiene el numero 40 
El carton 34884, tiene linea HORIZONTAL: 
casilla marcada 9 en f:1, c:0 
casilla marcada 40 en f:1, c:2 
casilla marcada 52 en f:1, c:3 
casilla marcada 72 en f:1, c:4 
El carton 34880, tiene el numero 40 
El carton 34880, tiene linea VERTICAL: 
casilla marcada 41 en f:0, c:2 
casilla marcada 43 en f:1, c:2 
casilla marcada 40 en f:3, c:2 
casilla marcada 38 en f:4, c:2 
El carton 34887, tiene el numero 40 
############################### Ha salido la bola 52
El carton 34884, tiene el numero 52 
El carton 34886, tiene el numero 52 
El carton 34882, tiene el numero 52 
############################### Ha salido la bola 9
El carton 34885, tiene el numero 9 
El carton 34883, tiene el numero 9 
El carton 34888, tiene el numero 9 
El carton 34884, tiene el numero 9 
El carton 34882, tiene el numero 9 
############################### Ha salido la bola 25
El carton 34882, tiene el numero 25 
El carton 34886, tiene el numero 25 
############################### Ha salido la bola 47
El carton 34880, tiene el numero 47 
El carton 34880, tiene linea HORIZONTAL: 
casilla marcada 3 en f:2, c:0 
casilla marcada 18 en f:2, c:1 
casilla marcada 47 en f:2, c:3 
casilla marcada 65 en f:2, c:4 
El carton 34880, tiene linea DIAGONAL: 
casilla marcada 71 en f:1, c:4 
casilla marcada 47 en f:2, c:3 
casilla marcada 40 en f:3, c:2 
casilla marcada 24 en f:4, c:1 
El carton 34883, tiene el numero 47 
El carton 34885, tiene el numero 47 
El carton 34887, tiene el numero 47 
El carton 34887, tiene linea DIAGONAL: 
casilla marcada 47 en f:0, c:3 
casilla marcada 40 en f:1, c:2 
casilla marcada 29 en f:2, c:1 
casilla marcada 8 en f:3, c:0 
############################### Ha salido la bola 3
El carton 34880, tiene el numero 3 
############################### Ha salido la bola 40
El carton 34880, tiene el numero 40 
El carton 34887, tiene el numero 40 
El carton 34884, tiene el numero 40 
############################### Ha salido la bola 41
El carton 34885, tiene el numero 41 
El carton 34880, tiene el numero 41 
El carton 34884, tiene el numero 41 
El carton 34881, tiene el numero 41 
############################### Ha salido la bola 33
El carton 34886, tiene el numero 33 
El carton 34883, tiene el numero 33 
El carton 34882, tiene el numero 33 
############################### Ha salido la bola 26
El carton 34888, tiene el numero 26 
El carton 34888, tiene linea VERTICAL: 
casilla marcada 24 en f:0, c:1 
casilla marcada 23 en f:2, c:1 
casilla marcada 29 en f:3, c:1 
casilla marcada 26 en f:4, c:1 
El carton 34888, tiene linea HORIZONTAL: 
casilla marcada 10 en f:4, c:0 
casilla marcada 26 en f:4, c:1 
casilla marcada 42 en f:4, c:2 
casilla marcada 53 en f:4, c:3 
El carton 34889, tiene el numero 26 
El carton 34885, tiene el numero 26 
El carton 34883, tiene el numero 26 
El carton 34883, tiene linea HORIZONTAL: 
casilla marcada 26 en f:0, c:1 
casilla marcada 42 en f:0, c:2 
casilla marcada 54 en f:0, c:3 
casilla marcada 63 en f:0, c:4 
############################### Ha salido la bola 14
El carton 34887, tiene el numero 14 
El carton 34885, tiene el numero 14 
El carton 34883, tiene el numero 14 
############################### Ha salido la bola 35
El carton 34887, tiene el numero 35 
El carton 34888, tiene el numero 35 
############################### Ha salido la bola 64
############################### Ha salido la bola 34
El carton 34884, tiene el numero 34 
############################### Ha salido la bola 20
El carton 34882, tiene el numero 20 
El carton 34883, tiene el numero 20 
############################### Ha salido la bola 14
El carton 34885, tiene el numero 14 
El carton 34887, tiene el numero 14 
El carton 34883, tiene el numero 14 
############################### Ha salido la bola 37
El carton 34882, tiene el numero 37 
El carton 34889, tiene el numero 37 
El carton 34881, tiene el numero 37 
El carton 34886, tiene el numero 37 
############################### Ha salido la bola 24
El carton 34881, tiene el numero 24 
El carton 34884, tiene el numero 24 
El carton 34888, tiene el numero 24 
El carton 34880, tiene el numero 24 
############################### Ha salido la bola 68
El carton 34886, tiene el numero 68 
El carton 34886, tiene linea DIAGONAL: 
casilla marcada 68 en f:1, c:4 
casilla marcada 54 en f:2, c:3 
casilla marcada 39 en f:3, c:2 
casilla marcada 16 en f:4, c:1 
El carton 34887, tiene el numero 68 
El carton 34887, tiene linea HORIZONTAL: 
casilla marcada 17 en f:0, c:1 
casilla marcada 42 en f:0, c:2 
casilla marcada 47 en f:0, c:3 
casilla marcada 68 en f:0, c:4 
El carton 34887, tiene linea VERTICAL: 
casilla marcada 68 en f:0, c:4 
casilla marcada 73 en f:1, c:4 
casilla marcada 61 en f:2, c:4 
casilla marcada 72 en f:3, c:4 
El carton 34880, tiene el numero 68 
El carton 34880, tiene linea DIAGONAL: 
casilla marcada 17 en f:0, c:1 
casilla marcada 43 en f:1, c:2 
casilla marcada 47 en f:2, c:3 
casilla marcada 68 en f:3, c:4 
El carton 34884, tiene el numero 68 
El carton 34883, tiene el numero 68 
El carton 34883, tiene linea VERTICAL: 
casilla marcada 63 en f:0, c:4 
casilla marcada 61 en f:1, c:4 
casilla marcada 68 en f:2, c:4 
casilla marcada 72 en f:3, c:4 
############################### Ha salido la bola 47
El carton 34883, tiene el numero 47 
El carton 34885, tiene el numero 47 
El carton 34887, tiene el numero 47 
El carton 34880, tiene el numero 47 
############################### Ha salido la bola 68
El carton 34887, tiene el numero 68 
El carton 34886, tiene el numero 68 
El carton 34884, tiene el numero 68 
El carton 34883, tiene el numero 68 
El carton 34880, tiene el numero 68 
############################### Ha salido la bola 25
El carton 34886, tiene el numero 25 
El carton 34882, tiene el numero 25 
############################### Ha salido la bola 29
El carton 34888, tiene el numero 29 
El carton 34881, tiene el numero 29 
El carton 34887, tiene el numero 29 
El carton 34884, tiene el numero 29 
############################### Ha salido la bola 27
El carton 34889, tiene el numero 27 
El carton 34889, tiene linea HORIZONTAL: 
casilla marcada 5 en f:4, c:0 
casilla marcada 27 en f:4, c:1 
casilla marcada 37 en f:4, c:2 
casilla marcada 53 en f:4, c:3 
El carton 34886, tiene el numero 27 
El carton 34886, tiene linea HORIZONTAL: 
casilla marcada 27 en f:0, c:1 
casilla marcada 38 en f:0, c:2 
casilla marcada 52 en f:0, c:3 
casilla marcada 63 en f:0, c:4 
El carton 34886, tiene linea VERTICAL: 
casilla marcada 27 en f:0, c:1 
casilla marcada 18 en f:2, c:1 
casilla marcada 25 en f:3, c:1 
casilla marcada 16 en f:4, c:1 
############################### Ha salido la bola 35
El carton 34887, tiene el numero 35 
El carton 34888, tiene el numero 35 
############################### Ha salido la bola 53
El carton 34889, tiene el numero 53 
El carton 34888, tiene el numero 53 
El carton 34884, tiene el numero 53 
############################### Ha salido la bola 25
El carton 34886, tiene el numero 25 
El carton 34882, tiene el numero 25 
############################### Ha salido la bola 39
El carton 34886, tiene el numero 39 
El carton 34881, tiene el numero 39 
El carton 34888, tiene el numero 39 
El carton 34889, tiene el numero 39 
############################### Ha salido la bola 37
El carton 34882, tiene el numero 37 
El carton 34886, tiene el numero 37 
El carton 34881, tiene el numero 37 
El carton 34889, tiene el numero 37 
############################### Ha salido la bola 56
El carton 34889, tiene el numero 56 
El carton 34889, tiene linea HORIZONTAL: 
casilla marcada 26 en f:0, c:1 
casilla marcada 39 en f:0, c:2 
casilla marcada 56 en f:0, c:3 
casilla marcada 61 en f:0, c:4 
El carton 34887, tiene el numero 56 
El carton 34887, tiene linea HORIZONTAL: 
casilla marcada 14 en f:1, c:0 
casilla marcada 40 en f:1, c:2 
casilla marcada 56 en f:1, c:3 
casilla marcada 73 en f:1, c:4 
El carton 34880, tiene el numero 56 
El carton 34880, tiene linea DIAGONAL: 
casilla marcada 56 en f:0, c:3 
casilla marcada 43 en f:1, c:2 
casilla marcada 18 en f:2, c:1 
casilla marcada 7 en f:3, c:0 
############################### Ha salido la bola 28
El carton 34883, tiene el numero 28 
El carton 34883, tiene linea HORIZONTAL: 
casilla marcada 14 en f:4, c:0 
casilla marcada 28 en f:4, c:1 
casilla marcada 32 en f:4, c:2 
casilla marcada 47 en f:4, c:3 
El carton 34889, tiene el numero 28 
El carton 34889, tiene linea VERTICAL: 
casilla marcada 26 en f:0, c:1 
casilla marcada 28 en f:2, c:1 
casilla marcada 22 en f:3, c:1 
casilla marcada 27 en f:4, c:1 
El carton 34889, tiene linea DIAGONAL: 
casilla marcada 10 en f:1, c:0 
casilla marcada 28 en f:2, c:1 
casilla marcada 38 en f:3, c:2 
casilla marcada 53 en f:4, c:3 
############################### Ha salido la bola 5
El carton 34884, tiene el numero 5 
El carton 34888, tiene el numero 5 
El carton 34889, tiene el numero 5 
El carton 34881, tiene el numero 5 
############################### Ha salido la bola 48
El carton 34885, tiene el numero 48 
El carton 34881, tiene el numero 48 
El carton 34881, tiene linea HORIZONTAL: 
casilla marcada 5 en f:1, c:0 
casilla marcada 39 en f:1, c:2 
casilla marcada 48 en f:1, c:3 
casilla marcada 63 en f:1, c:4 
El carton 34880, tiene el numero 48 
El carton 34880, tiene linea VERTICAL: 
casilla marcada 56 en f:0, c:3 
casilla marcada 55 en f:1, c:3 
casilla marcada 47 en f:2, c:3 
casilla marcada 48 en f:4, c:3 
############################### Ha salido la bola 58
El carton 34885, tiene el numero 58 
El carton 34884, tiene el numero 58 
El carton 34884, tiene linea HORIZONTAL: 
casilla marcada 17 en f:0, c:1 
casilla marcada 41 en f:0, c:2 
casilla marcada 58 en f:0, c:3 
casilla marcada 74 en f:0, c:4 
El carton 34884, tiene linea VERTICAL: 
casilla marcada 58 en f:0, c:3 
casilla marcada 52 en f:1, c:3 
casilla marcada 57 en f:2, c:3 
casilla marcada 53 en f:4, c:3 
El carton 34884, tiene linea DIAGONAL: 
casilla marcada 58 en f:0, c:3 
casilla marcada 40 en f:1, c:2 
casilla marcada 16 en f:2, c:1 
casilla marcada 10 en f:3, c:0 
El carton 34881, tiene el numero 58 
El carton 34881, tiene linea DIAGONAL: 
casilla marcada 5 en f:1, c:0 
casilla marcada 29 en f:2, c:1 
casilla marcada 41 en f:3, c:2 
casilla marcada 58 en f:4, c:3 
El carton 34882, tiene el numero 58 
############################### Ha salido la bola 56
El carton 34887, tiene el numero 56 
El carton 34889, tiene el numero 56 
El carton 34880, tiene el numero 56 
############################### Ha salido la bola 18
El carton 34881, tiene el numero 18 
El carton 34880, tiene el numero 18 
El carton 34886, tiene el numero 18 
############################### Ha salido la bola 75
############################### Ha salido la bola 21
El carton 34880, tiene el numero 21 
El carton 34880, tiene linea VERTICAL: 
casilla marcada 17 en f:0, c:1 
casilla marcada 18 en f:2, c:1 
casilla marcada 21 en f:3, c:1 
casilla marcada 24 en f:4, c:1 
El carton 34880, tiene linea HORIZONTAL: 
casilla marcada 7 en f:3, c:0 
casilla marcada 21 en f:3, c:1 
casilla marcada 40 en f:3, c:2 
casilla marcada 68 en f:3, c:4 
El carton 34885, tiene el numero 21 
El carton 34885, tiene linea VERTICAL: 
casilla marcada 23 en f:0, c:1 
casilla marcada 21 en f:2, c:1 
casilla marcada 17 en f:3, c:1 
casilla marcada 26 en f:4, c:1 
El carton 34885, tiene linea DIAGONAL: 
casilla marcada 9 en f:1, c:0 
casilla marcada 21 en f:2, c:1 
casilla marcada 41 en f:3, c:2 
casilla marcada 58 en f:4, c:3 
############################### Ha salido la bola 53
El carton 34889, tiene el numero 53 
El carton 34884, tiene el numero 53 
El carton 34888, tiene el numero 53 
############################### Ha salido la bola 59
El carton 34888, tiene el numero 59 
El carton 34888, tiene linea DIAGONAL: 
casilla marcada 73 en f:0, c:4 
casilla marcada 59 en f:1, c:3 
casilla marcada 29 en f:3, c:1 
casilla marcada 10 en f:4, c:0 
El carton 34886, tiene el numero 59 
El carton 34886, tiene linea HORIZONTAL: 
casilla marcada 11 en f:1, c:0 
casilla marcada 33 en f:1, c:2 
casilla marcada 59 en f:1, c:3 
casilla marcada 68 en f:1, c:4 
El carton 34886, tiene linea VERTICAL: 
casilla marcada 52 en f:0, c:3 
casilla marcada 59 en f:1, c:3 
casilla marcada 54 en f:2, c:3 
casilla marcada 55 en f:4, c:3 
El carton 34886, tiene linea DIAGONAL: 
casilla marcada 63 en f:0, c:4 
casilla marcada 59 en f:1, c:3 
casilla marcada 25 en f:3, c:1 
casilla marcada 7 en f:4, c:0 
El carton 34881, tiene el numero 59 
El carton 34881, tiene linea HORIZONTAL: 
casilla marcada 22 en f:0, c:1 
casilla marcada 37 en f:0, c:2 
casilla marcada 59 en f:0, c:3 
casilla marcada 73 en f:0, c:4 
El carton 34881, tiene linea VERTICAL: 
casilla marcada 59 en f:0, c:3 
casilla marcada 48 en f:1, c:3 
casilla marcada 55 en f:2, c:3 
casilla marcada 58 en f:4, c:3 
############################### Ha salido la bola 4
El carton 34886, tiene el numero 4 
El carton 34886, tiene linea VERTICAL: 
casilla marcada 11 en f:1, c:0 
casilla marcada 4 en f:2, c:0 
casilla marcada 8 en f:3, c:0 
casilla marcada 7 en f:4, c:0 
El carton 34886, tiene linea HORIZONTAL: 
casilla marcada 4 en f:2, c:0 
casilla marcada 18 en f:2, c:1 
casilla marcada 54 en f:2, c:3 
casilla marcada 71 en f:2, c:4 
El carton 34881, tiene el numero 4 
El carton 34881, tiene linea HORIZONTAL: 
casilla marcada 4 en f:3, c:0 
casilla marcada 18 en f:3, c:1 
casilla marcada 41 en f:3, c:2 
casilla marcada 71 en f:3, c:4 
El carton 34881, tiene linea DIAGONAL: 
casilla marcada 59 en f:0, c:3 
casilla marcada 39 en f:1, c:2 
casilla marcada 29 en f:2, c:1 
casilla marcada 4 en f:3, c:0 
############################### Ha salido la bola 73
El carton 34882, tiene el numero 73 
El carton 34887, tiene el numero 73 
El carton 34881, tiene el numero 73 
El carton 34888, tiene el numero 73 
############################### Ha salido la bola 23
El carton 34888, tiene el numero 23 
El carton 34882, tiene el numero 23 
El carton 34885, tiene el numero 23 
############################### Ha salido la bola 46
El carton 34888, tiene el numero 46 
El carton 34888, tiene linea HORIZONTAL: 
casilla marcada 24 en f:0, c:1 
casilla marcada 39 en f:0, c:2 
casilla marcada 46 en f:0, c:3 
casilla marcada 73 en f:0, c:4 
El carton 34888, tiene linea DIAGONAL: 
casilla marcada 46 en f:0, c:3 
casilla marcada 35 en f:1, c:2 
casilla marcada 23 en f:2, c:1 
casilla marcada 9 en f:3, c:0 
El carton 34889, tiene el numero 46 
El carton 34889, tiene linea DIAGONAL: 
casilla marcada 61 en f:0, c:4 
casilla marcada 46 en f:1, c:3 
casilla marcada 22 en f:3, c:1 
casilla marcada 5 en f:4, c:0 
El carton 34882, tiene el numero 46 
El carton 34882, tiene linea HORIZONTAL: 
casilla marcada 20 en f:0, c:1 
casilla marcada 33 en f:0, c:2 
casilla marcada 46 en f:0, c:3 
casilla marcada 74 en f:0, c:4 
El carton 34882, tiene linea VERTICAL: 
casilla marcada 46 en f:0, c:3 
casilla marcada 52 en f:1, c:3 
casilla marcada 55 en f:2, c:3 
casilla marcada 58 en f:4, c:3 
El carton 34882, tiene linea DIAGONAL: 
casilla marcada 46 en f:0, c:3 
casilla marcada 37 en f:1, c:2 
casilla marcada 23 en f:2, c:1 
casilla marcada 9 en f:3, c:0 
############################### Ha salido la bola 31
El carton 34885, tiene el numero 31 
El carton 34885, tiene linea HORIZONTAL: 
casilla marcada 9 en f:1, c:0 
casilla marcada 31 en f:1, c:2 
casilla marcada 48 en f:1, c:3 
casilla marcada 61 en f:1, c:4 
El carton 34885, tiene linea VERTICAL: 
casilla marcada 38 en f:0, c:2 
casilla marcada 31 en f:1, c:2 
casilla marcada 41 en f:3, c:2 
casilla marcada 43 en f:4, c:2 
El carton 34885, tiene linea DIAGONAL: 
casilla marcada 47 en f:0, c:3 
casilla marcada 31 en f:1, c:2 
casilla marcada 21 en f:2, c:1 
casilla marcada 14 en f:3, c:0 
El carton 34888, tiene el numero 31 
El carton 34888, tiene linea VERTICAL: 
casilla marcada 39 en f:0, c:2 
casilla marcada 35 en f:1, c:2 
casilla marcada 31 en f:3, c:2 
casilla marcada 42 en f:4, c:2 
El carton 34888, tiene linea HORIZONTAL: 
casilla marcada 9 en f:3, c:0 
casilla marcada 29 en f:3, c:1 
casilla marcada 31 en f:3, c:2 
casilla marcada 61 en f:3, c:4 
El carton 34887, tiene el numero 31 
El carton 34887, tiene linea VERTICAL: 
casilla marcada 42 en f:0, c:2 
casilla marcada 40 en f:1, c:2 
casilla marcada 35 en f:3, c:2 
casilla marcada 31 en f:4, c:2 
El carton 34889, tiene el numero 31 
El carton 34889, tiene linea HORIZONTAL: 
casilla marcada 10 en f:1, c:0 
casilla marcada 31 en f:1, c:2 
casilla marcada 46 en f:1, c:3 
casilla marcada 67 en f:1, c:4 
El carton 34889, tiene linea VERTICAL: 
casilla marcada 39 en f:0, c:2 
casilla marcada 31 en f:1, c:2 
casilla marcada 38 en f:3, c:2 
casilla marcada 37 en f:4, c:2 
El carton 34882, tiene el numero 31 
El carton 34882, tiene linea HORIZONTAL: 
casilla marcada 9 en f:3, c:0 
casilla marcada 25 en f:3, c:1 
casilla marcada 31 en f:3, c:2 
casilla marcada 73 en f:3, c:4 
El carton 34882, tiene linea DIAGONAL: 
casilla marcada 10 en f:1, c:0 
casilla marcada 23 en f:2, c:1 
casilla marcada 31 en f:3, c:2 
casilla marcada 58 en f:4, c:3 
El carton 34882, tiene linea DIAGONAL: 
casilla marcada 66 en f:1, c:4 
casilla marcada 55 en f:2, c:3 
casilla marcada 31 en f:3, c:2 
casilla marcada 22 en f:4, c:1 
############################### Ha salido la bola 6
El carton 34889, tiene el numero 6 
El carton 34889, tiene linea VERTICAL: 
casilla marcada 10 en f:1, c:0 
casilla marcada 13 en f:2, c:0 
casilla marcada 6 en f:3, c:0 
casilla marcada 5 en f:4, c:0 
El carton 34889, tiene linea HORIZONTAL: 
casilla marcada 6 en f:3, c:0 
casilla marcada 22 en f:3, c:1 
casilla marcada 38 en f:3, c:2 
casilla marcada 63 en f:3, c:4 
El carton 34889, tiene linea DIAGONAL: 
casilla marcada 56 en f:0, c:3 
casilla marcada 31 en f:1, c:2 
casilla marcada 28 en f:2, c:1 
casilla marcada 6 en f:3, c:0 
El carton 34884, tiene el numero 6 
El carton 34884, tiene linea VERTICAL: 
casilla marcada 9 en f:1, c:0 
casilla marcada 6 en f:2, c:0 
casilla marcada 10 en f:3, c:0 
casilla marcada 5 en f:4, c:0 
El carton 34884, tiene linea HORIZONTAL: 
casilla marcada 6 en f:2, c:0 
casilla marcada 16 en f:2, c:1 
casilla marcada 57 en f:2, c:3 
casilla marcada 68 en f:2, c:4 
############################### Ha salido la bola 75
############################### Ha salido la bola 52
El carton 34886, tiene el numero 52 
El carton 34882, tiene el numero 52 
El carton 34884, tiene el numero 52 
############################### Ha salido la bola 36
El carton 34883, tiene el numero 36 
El carton 34883, tiene linea VERTICAL: 
casilla marcada 42 en f:0, c:2 
casilla marcada 33 en f:1, c:2 
casilla marcada 36 en f:3, c:2 
casilla marcada 32 en f:4, c:2 
El carton 34883, tiene linea DIAGONAL: 
casilla marcada 10 en f:1, c:0 
casilla marcada 20 en f:2, c:1 
casilla marcada 36 en f:3, c:2 
casilla marcada 47 en f:4, c:3 
El carton 34882, tiene el numero 36 
El carton 34882, tiene linea VERTICAL: 
casilla marcada 33 en f:0, c:2 
casilla marcada 37 en f:1, c:2 
casilla marcada 31 en f:3, c:2 
casilla marcada 36 en f:4, c:2 
############################### Ha salido la bola 67
El carton 34889, tiene el numero 67 
############################### Ha salido la bola 28
El carton 34883, tiene el numero 28 
El carton 34889, tiene el numero 28 
############################### Ha salido la bola 75
############################### Ha salido la bola 57
El carton 34887, tiene el numero 57 
El carton 34883, tiene el numero 57 
El carton 34884, tiene el numero 57 
############################### Ha salido la bola 52
El carton 34884, tiene el numero 52 
El carton 34882, tiene el numero 52 
El carton 34886, tiene el numero 52 
############################### Ha salido la bola 26
El carton 34883, tiene el numero 26 
El carton 34885, tiene el numero 26 
El carton 34888, tiene el numero 26 
El carton 34889, tiene el numero 26 
############################### Ha salido la bola 39
El carton 34881, tiene el numero 39 
El carton 34889, tiene el numero 39 
El carton 34888, tiene el numero 39 
El carton 34886, tiene el numero 39 
############################### Ha salido la bola 26
El carton 34889, tiene el numero 26 
El carton 34885, tiene el numero 26 
El carton 34888, tiene el numero 26 
El carton 34883, tiene el numero 26 
############################### Ha salido la bola 74
El carton 34884, tiene el numero 74 
El carton 34888, tiene el numero 74 
El carton 34882, tiene el numero 74 
############################### Ha salido la bola 69
El carton 34885, tiene el numero 69 
El carton 34885, tiene linea HORIZONTAL: 
casilla marcada 23 en f:0, c:1 
casilla marcada 38 en f:0, c:2 
casilla marcada 47 en f:0, c:3 
casilla marcada 69 en f:0, c:4 
El carton 34885, tiene linea VERTICAL: 
casilla marcada 69 en f:0, c:4 
casilla marcada 61 en f:1, c:4 
casilla marcada 63 en f:2, c:4 
casilla marcada 65 en f:3, c:4 
############################### Ha salido la bola 52
El carton 34882, tiene el numero 52 
El carton 34886, tiene el numero 52 
El carton 34884, tiene el numero 52 
############################### Ha salido la bola 47
El carton 34883, tiene el numero 47 
El carton 34885, tiene el numero 47 
El carton 34887, tiene el numero 47 
El carton 34880, tiene el numero 47 
############################### Ha salido la bola 57
El carton 34887, tiene el numero 57 
El carton 34884, tiene el numero 57 
El carton 34883, tiene el numero 57 
############################### Ha salido la bola 7
El carton 34880, tiene el numero 7 
El carton 34883, tiene el numero 7 
El carton 34885, tiene el numero 7 
El carton 34886, tiene el numero 7 
El carton 34887, tiene el numero 7 
El carton 34881, tiene el numero 7 
############################### Ha salido la bola 29
El carton 34884, tiene el numero 29 
El carton 34881, tiene el numero 29 
El carton 34888, tiene el numero 29 
El carton 34887, tiene el numero 29 
############################### Ha salido la bola 45
############################### Ha salido la bola 74
El carton 34882, tiene el numero 74 
El carton 34884, tiene el numero 74 
El carton 34888, tiene el numero 74 
############################### Ha salido la bola 40
El carton 34880, tiene el numero 40 
El carton 34887, tiene el numero 40 
El carton 34884, tiene el numero 40 
############################### Ha salido la bola 55
El carton 34880, tiene el numero 55 
El carton 34882, tiene el numero 55 
El carton 34881, tiene el numero 55 
El carton 34886, tiene el numero 55 
############################### Ha salido la bola 18
El carton 34886, tiene el numero 18 
El carton 34880, tiene el numero 18 
El carton 34881, tiene el numero 18 
############################### Ha salido la bola 61
El carton 34888, tiene el numero 61 
El carton 34889, tiene el numero 61 
El carton 34887, tiene el numero 61 
El carton 34883, tiene el numero 61 
El carton 34885, tiene el numero 61 
El carton 34881, tiene el numero 61 
############################### Ha salido la bola 47
El carton 34880, tiene el numero 47 
El carton 34887, tiene el numero 47 
El carton 34883, tiene el numero 47 
El carton 34885, tiene el numero 47 
############################### Ha salido la bola 35
El carton 34888, tiene el numero 35 
El carton 34887, tiene el numero 35 
############################### Ha salido la bola 63
El carton 34886, tiene el numero 63 
El carton 34882, tiene el numero 63 
El carton 34881, tiene el numero 63 
El carton 34889, tiene el numero 63 
El carton 34883, tiene el numero 63 
El carton 34885, tiene el numero 63 
############################### Ha salido la bola 51
El carton 34889, tiene el numero 51 
El carton 34889, tiene linea HORIZONTAL: 
casilla marcada 13 en f:2, c:0 
casilla marcada 28 en f:2, c:1 
casilla marcada 51 en f:2, c:3 
casilla marcada 72 en f:2, c:4 
El carton 34889, tiene linea VERTICAL: 
casilla marcada 56 en f:0, c:3 
casilla marcada 46 en f:1, c:3 
casilla marcada 51 en f:2, c:3 
casilla marcada 53 en f:4, c:3 
El carton 34889, tiene linea DIAGONAL: 
casilla marcada 26 en f:0, c:1 
casilla marcada 31 en f:1, c:2 
casilla marcada 51 en f:2, c:3 
casilla marcada 63 en f:3, c:4 
El carton 34889, tiene linea DIAGONAL: 
casilla marcada 67 en f:1, c:4 
casilla marcada 51 en f:2, c:3 
casilla marcada 38 en f:3, c:2 
casilla marcada 27 en f:4, c:1 
El carton 34889, tiene BINGO!!!
