Partida:2841
Número de cartones:10
############################### Ha salido la bola 21
El carton 28410, tiene el numero 21 
############################### Ha salido la bola 56
El carton 28411, tiene el numero 56 
El carton 28414, tiene el numero 56 
El carton 28410, tiene el numero 56 
El carton 28416, tiene el numero 56 
El carton 28415, tiene el numero 56 
############################### Ha salido la bola 7
El carton 28412, tiene el numero 7 
El carton 28414, tiene el numero 7 
El carton 28410, tiene el numero 7 
############################### Ha salido la bola 62
El carton 28416, tiene el numero 62 
El carton 28412, tiene el numero 62 
El carton 28414, tiene el numero 62 
############################### Ha salido la bola 5
El carton 28418, tiene el numero 5 
El carton 28413, tiene el numero 5 
############################### Ha salido la bola 29
El carton 28419, tiene el numero 29 
El carton 28413, tiene el numero 29 
############################### Ha salido la bola 20
El carton 28411, tiene el numero 20 
El carton 28415, tiene el numero 20 
El carton 28413, tiene el numero 20 
El carton 28412, tiene el numero 20 
El carton 28414, tiene el numero 20 
############################### Ha salido la bola 7
El carton 28414, tiene el numero 7 
El carton 28410, tiene el numero 7 
El carton 28412, tiene el numero 7 
############################### Ha salido la bola 66
############################### Ha salido la bola 19
El carton 28414, tiene el numero 19 
El carton 28417, tiene el numero 19 
El carton 28410, tiene el numero 19 
############################### Ha salido la bola 55
El carton 28418, tiene el numero 55 
El carton 28413, tiene el numero 55 
El carton 28419, tiene el numero 55 
############################### Ha salido la bola 32
El carton 28419, tiene el numero 32 
El carton 28414, tiene el numero 32 
############################### Ha salido la bola 51
El carton 28414, tiene el numero 51 
El carton 28418, tiene el numero 51 
El carton 28412, tiene el numero 51 
############################### Ha salido la bola 32
El carton 28419, tiene el numero 32 
El carton 28414, tiene el numero 32 
############################### Ha salido la bola 50
El carton 28410, tiene el numero 50 
############################### Ha salido la bola 61
El carton 28414, tiene el numero 61 
El carton 28415, tiene el numero 61 
El carton 28413, tiene el numero 61 
############################### Ha salido la bola 19
El carton 28410, tiene el numero 19 
El carton 28417, tiene el numero 19 
El carton 28414, tiene el numero 19 
############################### Ha salido la bola 3
El carton 28412, tiene el numero 3 
El carton 28413, tiene el numero 3 
El carton 28411, tiene el numero 3 
############################### Ha salido la bola 55
El carton 28418, tiene el numero 55 
El carton 28419, tiene el numero 55 
El carton 28413, tiene el numero 55 
############################### Ha salido la bola 14
El carton 28412, tiene el numero 14 
El carton 28416, tiene el numero 14 
El carton 28415, tiene el numero 14 
############################### Ha salido la bola 20
El carton 28414, tiene el numero 20 
El carton 28412, tiene el numero 20 
El carton 28415, tiene el numero 20 
El carton 28411, tiene el numero 20 
El carton 28413, tiene el numero 20 
############################### Ha salido la bola 42
El carton 28412, tiene el numero 42 
El carton 28413, tiene el numero 42 
El carton 28419, tiene el numero 42 
############################### Ha salido la bola 21
El carton 28410, tiene el numero 21 
############################### Ha salido la bola 65
El carton 28414, tiene el numero 65 
El carton 28410, tiene el numero 65 
El carton 28418, tiene el numero 65 
############################### Ha salido la bola 42
El carton 28413, tiene el numero 42 
El carton 28419, tiene el numero 42 
El carton 28412, tiene el numero 42 
############################### Ha salido la bola 31
El carton 28414, tiene el numero 31 
El carton 28413, tiene el numero 31 
El carton 28416, tiene el numero 31 
El carton 28411, tiene el numero 31 
############################### Ha salido la bola 6
El carton 28414, tiene el numero 6 
El carton 28416, tiene el numero 6 
El carton 28415, tiene el numero 6 
El carton 28419, tiene el numero 6 
El carton 28411, tiene el numero 6 
############################### Ha salido la bola 73
El carton 28418, tiene el numero 73 
El carton 28411, tiene el numero 73 
############################### Ha salido la bola 20
El carton 28412, tiene el numero 20 
El carton 28415, tiene el numero 20 
El carton 28414, tiene el numero 20 
El carton 28411, tiene el numero 20 
El carton 28413, tiene el numero 20 
############################### Ha salido la bola 41
El carton 28412, tiene el numero 41 
El carton 28412, tiene linea HORIZONTAL: 
casilla marcada 7 en f:3, c:0 
casilla marcada 20 en f:3, c:1 
casilla marcada 41 en f:3, c:2 
casilla marcada 62 en f:3, c:4 
El carton 28414, tiene el numero 41 
El carton 28414, tiene linea HORIZONTAL: 
casilla marcada 7 en f:3, c:0 
casilla marcada 19 en f:3, c:1 
casilla marcada 41 en f:3, c:2 
casilla marcada 62 en f:3, c:4 
El carton 28414, tiene linea DIAGONAL: 
casilla marcada 61 en f:1, c:4 
casilla marcada 51 en f:2, c:3 
casilla marcada 41 en f:3, c:2 
casilla marcada 20 en f:4, c:1 
El carton 28418, tiene el numero 41 
El carton 28416, tiene el numero 41 
El carton 28417, tiene el numero 41 
############################### Ha salido la bola 69
El carton 28411, tiene el numero 69 
############################### Ha salido la bola 20
El carton 28412, tiene el numero 20 
El carton 28411, tiene el numero 20 
El carton 28415, tiene el numero 20 
El carton 28413, tiene el numero 20 
El carton 28414, tiene el numero 20 
############################### Ha salido la bola 13
El carton 28414, tiene el numero 13 
El carton 28414, tiene linea HORIZONTAL: 
casilla marcada 13 en f:4, c:0 
casilla marcada 20 en f:4, c:1 
casilla marcada 31 en f:4, c:2 
casilla marcada 56 en f:4, c:3 
El carton 28419, tiene el numero 13 
El carton 28417, tiene el numero 13 
El carton 28413, tiene el numero 13 
El carton 28411, tiene el numero 13 
El carton 28418, tiene el numero 13 
############################### Ha salido la bola 25
El carton 28413, tiene el numero 25 
El carton 28411, tiene el numero 25 
El carton 28418, tiene el numero 25 
El carton 28418, tiene linea HORIZONTAL: 
casilla marcada 13 en f:2, c:0 
casilla marcada 25 en f:2, c:1 
casilla marcada 55 en f:2, c:3 
casilla marcada 65 en f:2, c:4 
############################### Ha salido la bola 60
############################### Ha salido la bola 33
El carton 28419, tiene el numero 33 
El carton 28412, tiene el numero 33 
El carton 28417, tiene el numero 33 
El carton 28410, tiene el numero 33 
El carton 28411, tiene el numero 33 
El carton 28411, tiene linea DIAGONAL: 
casilla marcada 56 en f:0, c:3 
casilla marcada 33 en f:1, c:2 
casilla marcada 25 en f:2, c:1 
casilla marcada 13 en f:3, c:0 
############################### Ha salido la bola 8
El carton 28415, tiene el numero 8 
############################### Ha salido la bola 62
El carton 28412, tiene el numero 62 
El carton 28416, tiene el numero 62 
El carton 28414, tiene el numero 62 
############################### Ha salido la bola 32
El carton 28414, tiene el numero 32 
El carton 28419, tiene el numero 32 
############################### Ha salido la bola 23
El carton 28410, tiene el numero 23 
El carton 28419, tiene el numero 23 
El carton 28414, tiene el numero 23 
El carton 28414, tiene linea HORIZONTAL: 
casilla marcada 6 en f:2, c:0 
casilla marcada 23 en f:2, c:1 
casilla marcada 51 en f:2, c:3 
casilla marcada 65 en f:2, c:4 
El carton 28416, tiene el numero 23 
El carton 28412, tiene el numero 23 
############################### Ha salido la bola 57
El carton 28414, tiene el numero 57 
El carton 28412, tiene el numero 57 
############################### Ha salido la bola 7
El carton 28412, tiene el numero 7 
El carton 28410, tiene el numero 7 
El carton 28414, tiene el numero 7 
############################### Ha salido la bola 39
El carton 28415, tiene el numero 39 
El carton 28419, tiene el numero 39 
El carton 28419, tiene linea VERTICAL: 
casilla marcada 42 en f:0, c:2 
casilla marcada 32 en f:1, c:2 
casilla marcada 33 en f:3, c:2 
casilla marcada 39 en f:4, c:2 
El carton 28418, tiene el numero 39 
El carton 28418, tiene linea HORIZONTAL: 
casilla marcada 5 en f:1, c:0 
casilla marcada 39 en f:1, c:2 
casilla marcada 51 en f:1, c:3 
casilla marcada 73 en f:1, c:4 
############################### Ha salido la bola 13
El carton 28418, tiene el numero 13 
El carton 28411, tiene el numero 13 
El carton 28419, tiene el numero 13 
El carton 28413, tiene el numero 13 
El carton 28414, tiene el numero 13 
El carton 28417, tiene el numero 13 
############################### Ha salido la bola 70
El carton 28415, tiene el numero 70 
El carton 28414, tiene el numero 70 
El carton 28414, tiene linea VERTICAL: 
casilla marcada 70 en f:0, c:4 
casilla marcada 61 en f:1, c:4 
casilla marcada 65 en f:2, c:4 
casilla marcada 62 en f:3, c:4 
El carton 28414, tiene linea DIAGONAL: 
casilla marcada 70 en f:0, c:4 
casilla marcada 57 en f:1, c:3 
casilla marcada 19 en f:3, c:1 
casilla marcada 13 en f:4, c:0 
El carton 28413, tiene el numero 70 
############################### Ha salido la bola 54
El carton 28411, tiene el numero 54 
############################### Ha salido la bola 16
El carton 28418, tiene el numero 16 
El carton 28415, tiene el numero 16 
El carton 28419, tiene el numero 16 
############################### Ha salido la bola 2
El carton 28417, tiene el numero 2 
############################### Ha salido la bola 18
El carton 28412, tiene el numero 18 
El carton 28414, tiene el numero 18 
El carton 28414, tiene linea VERTICAL: 
casilla marcada 18 en f:0, c:1 
casilla marcada 23 en f:2, c:1 
casilla marcada 19 en f:3, c:1 
casilla marcada 20 en f:4, c:1 
El carton 28414, tiene linea DIAGONAL: 
casilla marcada 18 en f:0, c:1 
casilla marcada 32 en f:1, c:2 
casilla marcada 51 en f:2, c:3 
casilla marcada 62 en f:3, c:4 
El carton 28416, tiene el numero 18 
############################### Ha salido la bola 7
El carton 28410, tiene el numero 7 
El carton 28412, tiene el numero 7 
El carton 28414, tiene el numero 7 
############################### Ha salido la bola 67
El carton 28415, tiene el numero 67 
El carton 28411, tiene el numero 67 
############################### Ha salido la bola 47
El carton 28417, tiene el numero 47 
El carton 28416, tiene el numero 47 
El carton 28416, tiene linea HORIZONTAL: 
casilla marcada 14 en f:2, c:0 
casilla marcada 23 en f:2, c:1 
casilla marcada 47 en f:2, c:3 
casilla marcada 62 en f:2, c:4 
############################### Ha salido la bola 22
El carton 28417, tiene el numero 22 
El carton 28416, tiene el numero 22 
El carton 28410, tiene el numero 22 
El carton 28410, tiene linea VERTICAL: 
casilla marcada 23 en f:0, c:1 
casilla marcada 19 en f:2, c:1 
casilla marcada 21 en f:3, c:1 
casilla marcada 22 en f:4, c:1 
############################### Ha salido la bola 16
El carton 28415, tiene el numero 16 
El carton 28419, tiene el numero 16 
El carton 28418, tiene el numero 16 
############################### Ha salido la bola 44
El carton 28415, tiene el numero 44 
El carton 28417, tiene el numero 44 
El carton 28412, tiene el numero 44 
El carton 28412, tiene linea VERTICAL: 
casilla marcada 42 en f:0, c:2 
casilla marcada 33 en f:1, c:2 
casilla marcada 41 en f:3, c:2 
casilla marcada 44 en f:4, c:2 
El carton 28412, tiene linea HORIZONTAL: 
casilla marcada 14 en f:4, c:0 
casilla marcada 23 en f:4, c:1 
casilla marcada 44 en f:4, c:2 
casilla marcada 51 en f:4, c:3 
El carton 28410, tiene el numero 44 
############################### Ha salido la bola 59
El carton 28415, tiene el numero 59 
El carton 28412, tiene el numero 59 
El carton 28413, tiene el numero 59 
El carton 28413, tiene linea DIAGONAL: 
casilla marcada 70 en f:0, c:4 
casilla marcada 59 en f:1, c:3 
casilla marcada 20 en f:3, c:1 
casilla marcada 3 en f:4, c:0 
El carton 28414, tiene el numero 59 
El carton 28414, tiene linea VERTICAL: 
casilla marcada 59 en f:0, c:3 
casilla marcada 57 en f:1, c:3 
casilla marcada 51 en f:2, c:3 
casilla marcada 56 en f:4, c:3 
El carton 28414, tiene linea DIAGONAL: 
casilla marcada 59 en f:0, c:3 
casilla marcada 32 en f:1, c:2 
casilla marcada 23 en f:2, c:1 
casilla marcada 7 en f:3, c:0 
############################### Ha salido la bola 52
El carton 28419, tiene el numero 52 
El carton 28417, tiene el numero 52 
El carton 28416, tiene el numero 52 
El carton 28418, tiene el numero 52 
############################### Ha salido la bola 10
El carton 28418, tiene el numero 10 
El carton 28419, tiene el numero 10 
El carton 28415, tiene el numero 10 
El carton 28415, tiene linea VERTICAL: 
casilla marcada 6 en f:1, c:0 
casilla marcada 14 en f:2, c:0 
casilla marcada 10 en f:3, c:0 
casilla marcada 8 en f:4, c:0 
El carton 28411, tiene el numero 10 
El carton 28411, tiene linea VERTICAL: 
casilla marcada 3 en f:1, c:0 
casilla marcada 10 en f:2, c:0 
casilla marcada 13 en f:3, c:0 
casilla marcada 6 en f:4, c:0 
############################### Ha salido la bola 59
El carton 28415, tiene el numero 59 
El carton 28414, tiene el numero 59 
El carton 28412, tiene el numero 59 
El carton 28413, tiene el numero 59 
############################### Ha salido la bola 7
El carton 28410, tiene el numero 7 
El carton 28412, tiene el numero 7 
El carton 28414, tiene el numero 7 
############################### Ha salido la bola 55
El carton 28419, tiene el numero 55 
El carton 28413, tiene el numero 55 
El carton 28418, tiene el numero 55 
############################### Ha salido la bola 58
El carton 28419, tiene el numero 58 
El carton 28419, tiene linea DIAGONAL: 
casilla marcada 6 en f:1, c:0 
casilla marcada 23 en f:2, c:1 
casilla marcada 33 en f:3, c:2 
casilla marcada 58 en f:4, c:3 
El carton 28411, tiene el numero 58 
El carton 28411, tiene linea HORIZONTAL: 
casilla marcada 10 en f:2, c:0 
casilla marcada 25 en f:2, c:1 
casilla marcada 58 en f:2, c:3 
casilla marcada 73 en f:2, c:4 
El carton 28415, tiene el numero 58 
El carton 28415, tiene linea HORIZONTAL: 
casilla marcada 6 en f:1, c:0 
casilla marcada 44 en f:1, c:2 
casilla marcada 58 en f:1, c:3 
casilla marcada 61 en f:1, c:4 
############################### Ha salido la bola 62
El carton 28416, tiene el numero 62 
El carton 28414, tiene el numero 62 
El carton 28412, tiene el numero 62 
############################### Ha salido la bola 28
El carton 28412, tiene el numero 28 
El carton 28412, tiene linea VERTICAL: 
casilla marcada 18 en f:0, c:1 
casilla marcada 28 en f:2, c:1 
casilla marcada 20 en f:3, c:1 
casilla marcada 23 en f:4, c:1 
El carton 28412, tiene linea DIAGONAL: 
casilla marcada 3 en f:1, c:0 
casilla marcada 28 en f:2, c:1 
casilla marcada 41 en f:3, c:2 
casilla marcada 51 en f:4, c:3 
El carton 28412, tiene linea DIAGONAL: 
casilla marcada 59 en f:0, c:3 
casilla marcada 33 en f:1, c:2 
casilla marcada 28 en f:2, c:1 
casilla marcada 7 en f:3, c:0 
El carton 28416, tiene el numero 28 
El carton 28416, tiene linea VERTICAL: 
casilla marcada 18 en f:0, c:1 
casilla marcada 23 en f:2, c:1 
casilla marcada 22 en f:3, c:1 
casilla marcada 28 en f:4, c:1 
El carton 28415, tiene el numero 28 
El carton 28415, tiene linea DIAGONAL: 
casilla marcada 28 en f:0, c:1 
casilla marcada 44 en f:1, c:2 
casilla marcada 59 en f:2, c:3 
casilla marcada 67 en f:3, c:4 
############################### Ha salido la bola 57
El carton 28414, tiene el numero 57 
El carton 28412, tiene el numero 57 
############################### Ha salido la bola 23
El carton 28410, tiene el numero 23 
El carton 28412, tiene el numero 23 
El carton 28419, tiene el numero 23 
El carton 28416, tiene el numero 23 
El carton 28414, tiene el numero 23 
############################### Ha salido la bola 31
El carton 28413, tiene el numero 31 
El carton 28414, tiene el numero 31 
El carton 28411, tiene el numero 31 
El carton 28416, tiene el numero 31 
############################### Ha salido la bola 12
El carton 28414, tiene el numero 12 
El carton 28414, tiene linea VERTICAL: 
casilla marcada 12 en f:1, c:0 
casilla marcada 6 en f:2, c:0 
casilla marcada 7 en f:3, c:0 
casilla marcada 13 en f:4, c:0 
El carton 28414, tiene linea HORIZONTAL: 
casilla marcada 12 en f:1, c:0 
casilla marcada 32 en f:1, c:2 
casilla marcada 57 en f:1, c:3 
casilla marcada 61 en f:1, c:4 
El carton 28414, tiene linea DIAGONAL: 
casilla marcada 12 en f:1, c:0 
casilla marcada 23 en f:2, c:1 
casilla marcada 41 en f:3, c:2 
casilla marcada 56 en f:4, c:3 
El carton 28417, tiene el numero 12 
El carton 28416, tiene el numero 12 
El carton 28416, tiene linea DIAGONAL: 
casilla marcada 12 en f:1, c:0 
casilla marcada 23 en f:2, c:1 
casilla marcada 41 en f:3, c:2 
casilla marcada 52 en f:4, c:3 
El carton 28410, tiene el numero 12 
############################### Ha salido la bola 15
############################### Ha salido la bola 18
El carton 28412, tiene el numero 18 
El carton 28414, tiene el numero 18 
El carton 28416, tiene el numero 18 
############################### Ha salido la bola 3
El carton 28412, tiene el numero 3 
El carton 28413, tiene el numero 3 
El carton 28411, tiene el numero 3 
############################### Ha salido la bola 31
El carton 28414, tiene el numero 31 
El carton 28413, tiene el numero 31 
El carton 28416, tiene el numero 31 
El carton 28411, tiene el numero 31 
############################### Ha salido la bola 38
El carton 28418, tiene el numero 38 
El carton 28414, tiene el numero 38 
El carton 28414, tiene linea HORIZONTAL: 
casilla marcada 18 en f:0, c:1 
casilla marcada 38 en f:0, c:2 
casilla marcada 59 en f:0, c:3 
casilla marcada 70 en f:0, c:4 
El carton 28414, tiene linea VERTICAL: 
casilla marcada 38 en f:0, c:2 
casilla marcada 32 en f:1, c:2 
casilla marcada 41 en f:3, c:2 
casilla marcada 31 en f:4, c:2 
El carton 28414, tiene BINGO!!!
