Partida:823
Número de cartones:10
############################### Ha salido la bola 38
El carton 8233, tiene el numero 38 
############################### Ha salido la bola 66
El carton 8232, tiene el numero 66 
El carton 8231, tiene el numero 66 
El carton 8236, tiene el numero 66 
El carton 8239, tiene el numero 66 
El carton 8235, tiene el numero 66 
############################### Ha salido la bola 60
############################### Ha salido la bola 21
El carton 8235, tiene el numero 21 
El carton 8234, tiene el numero 21 
############################### Ha salido la bola 61
El carton 8238, tiene el numero 61 
El carton 8236, tiene el numero 61 
El carton 8230, tiene el numero 61 
############################### Ha salido la bola 72
El carton 8233, tiene el numero 72 
El carton 8237, tiene el numero 72 
El carton 8234, tiene el numero 72 
El carton 8231, tiene el numero 72 
############################### Ha salido la bola 45
############################### Ha salido la bola 44
El carton 8230, tiene el numero 44 
El carton 8236, tiene el numero 44 
El carton 8233, tiene el numero 44 
El carton 8239, tiene el numero 44 
El carton 8235, tiene el numero 44 
############################### Ha salido la bola 65
El carton 8230, tiene el numero 65 
############################### Ha salido la bola 42
El carton 8230, tiene el numero 42 
El carton 8234, tiene el numero 42 
############################### Ha salido la bola 48
El carton 8230, tiene el numero 48 
El carton 8232, tiene el numero 48 
El carton 8235, tiene el numero 48 
############################### Ha salido la bola 3
El carton 8230, tiene el numero 3 
############################### Ha salido la bola 34
El carton 8235, tiene el numero 34 
El carton 8231, tiene el numero 34 
El carton 8238, tiene el numero 34 
############################### Ha salido la bola 67
El carton 8233, tiene el numero 67 
El carton 8238, tiene el numero 67 
El carton 8235, tiene el numero 67 
El carton 8230, tiene el numero 67 
############################### Ha salido la bola 40
El carton 8239, tiene el numero 40 
El carton 8232, tiene el numero 40 
El carton 8235, tiene el numero 40 
El carton 8236, tiene el numero 40 
############################### Ha salido la bola 26
############################### Ha salido la bola 61
El carton 8230, tiene el numero 61 
El carton 8236, tiene el numero 61 
El carton 8238, tiene el numero 61 
############################### Ha salido la bola 42
El carton 8230, tiene el numero 42 
El carton 8234, tiene el numero 42 
############################### Ha salido la bola 62
############################### Ha salido la bola 54
El carton 8237, tiene el numero 54 
El carton 8230, tiene el numero 54 
El carton 8236, tiene el numero 54 
El carton 8234, tiene el numero 54 
############################### Ha salido la bola 37
El carton 8237, tiene el numero 37 
El carton 8234, tiene el numero 37 
El carton 8235, tiene el numero 37 
El carton 8235, tiene linea VERTICAL: 
casilla marcada 44 en f:0, c:2 
casilla marcada 37 en f:1, c:2 
casilla marcada 40 en f:3, c:2 
casilla marcada 34 en f:4, c:2 
El carton 8231, tiene el numero 37 
############################### Ha salido la bola 9
El carton 8237, tiene el numero 9 
El carton 8230, tiene el numero 9 
############################### Ha salido la bola 59
El carton 8233, tiene el numero 59 
############################### Ha salido la bola 27
El carton 8239, tiene el numero 27 
El carton 8232, tiene el numero 27 
El carton 8231, tiene el numero 27 
El carton 8237, tiene el numero 27 
############################### Ha salido la bola 67
El carton 8233, tiene el numero 67 
El carton 8238, tiene el numero 67 
El carton 8235, tiene el numero 67 
El carton 8230, tiene el numero 67 
############################### Ha salido la bola 1
El carton 8236, tiene el numero 1 
El carton 8239, tiene el numero 1 
El carton 8233, tiene el numero 1 
############################### Ha salido la bola 29
El carton 8238, tiene el numero 29 
############################### Ha salido la bola 73
El carton 8236, tiene el numero 73 
El carton 8239, tiene el numero 73 
El carton 8237, tiene el numero 73 
############################### Ha salido la bola 62
############################### Ha salido la bola 49
El carton 8234, tiene el numero 49 
############################### Ha salido la bola 31
El carton 8239, tiene el numero 31 
El carton 8234, tiene el numero 31 
El carton 8233, tiene el numero 31 
El carton 8238, tiene el numero 31 
############################### Ha salido la bola 13
El carton 8236, tiene el numero 13 
El carton 8239, tiene el numero 13 
############################### Ha salido la bola 13
El carton 8236, tiene el numero 13 
El carton 8239, tiene el numero 13 
############################### Ha salido la bola 48
El carton 8230, tiene el numero 48 
El carton 8232, tiene el numero 48 
El carton 8235, tiene el numero 48 
############################### Ha salido la bola 13
El carton 8236, tiene el numero 13 
El carton 8239, tiene el numero 13 
############################### Ha salido la bola 52
El carton 8234, tiene el numero 52 
El carton 8237, tiene el numero 52 
############################### Ha salido la bola 20
El carton 8230, tiene el numero 20 
El carton 8230, tiene linea DIAGONAL: 
casilla marcada 67 en f:0, c:4 
casilla marcada 48 en f:1, c:3 
casilla marcada 20 en f:3, c:1 
casilla marcada 9 en f:4, c:0 
El carton 8237, tiene el numero 20 
############################### Ha salido la bola 72
El carton 8237, tiene el numero 72 
El carton 8234, tiene el numero 72 
El carton 8233, tiene el numero 72 
El carton 8231, tiene el numero 72 
############################### Ha salido la bola 69
############################### Ha salido la bola 10
El carton 8239, tiene el numero 10 
El carton 8233, tiene el numero 10 
El carton 8235, tiene el numero 10 
El carton 8231, tiene el numero 10 
El carton 8237, tiene el numero 10 
############################### Ha salido la bola 47
El carton 8231, tiene el numero 47 
El carton 8237, tiene el numero 47 
El carton 8237, tiene linea DIAGONAL: 
casilla marcada 10 en f:1, c:0 
casilla marcada 20 en f:2, c:1 
casilla marcada 37 en f:3, c:2 
casilla marcada 47 en f:4, c:3 
El carton 8236, tiene el numero 47 
############################### Ha salido la bola 23
El carton 8234, tiene el numero 23 
El carton 8236, tiene el numero 23 
El carton 8236, tiene linea DIAGONAL: 
casilla marcada 54 en f:0, c:3 
casilla marcada 40 en f:1, c:2 
casilla marcada 23 en f:2, c:1 
casilla marcada 1 en f:3, c:0 
El carton 8238, tiene el numero 23 
El carton 8239, tiene el numero 23 
############################### Ha salido la bola 43
El carton 8232, tiene el numero 43 
############################### Ha salido la bola 9
El carton 8230, tiene el numero 9 
El carton 8237, tiene el numero 9 
############################### Ha salido la bola 51
El carton 8233, tiene el numero 51 
El carton 8234, tiene el numero 51 
El carton 8234, tiene linea VERTICAL: 
casilla marcada 54 en f:0, c:3 
casilla marcada 49 en f:1, c:3 
casilla marcada 52 en f:2, c:3 
casilla marcada 51 en f:4, c:3 
############################### Ha salido la bola 44
El carton 8233, tiene el numero 44 
El carton 8230, tiene el numero 44 
El carton 8236, tiene el numero 44 
El carton 8239, tiene el numero 44 
El carton 8235, tiene el numero 44 
############################### Ha salido la bola 30
############################### Ha salido la bola 67
El carton 8230, tiene el numero 67 
El carton 8233, tiene el numero 67 
El carton 8238, tiene el numero 67 
El carton 8235, tiene el numero 67 
############################### Ha salido la bola 51
El carton 8233, tiene el numero 51 
El carton 8234, tiene el numero 51 
############################### Ha salido la bola 28
El carton 8234, tiene el numero 28 
El carton 8237, tiene el numero 28 
El carton 8237, tiene linea HORIZONTAL: 
casilla marcada 9 en f:3, c:0 
casilla marcada 28 en f:3, c:1 
casilla marcada 37 en f:3, c:2 
casilla marcada 73 en f:3, c:4 
El carton 8230, tiene el numero 28 
El carton 8230, tiene linea HORIZONTAL: 
casilla marcada 9 en f:4, c:0 
casilla marcada 28 en f:4, c:1 
casilla marcada 42 en f:4, c:2 
casilla marcada 54 en f:4, c:3 
El carton 8233, tiene el numero 28 
El carton 8233, tiene linea HORIZONTAL: 
casilla marcada 28 en f:0, c:1 
casilla marcada 44 en f:0, c:2 
casilla marcada 59 en f:0, c:3 
casilla marcada 72 en f:0, c:4 
############################### Ha salido la bola 39
El carton 8237, tiene el numero 39 
El carton 8237, tiene linea DIAGONAL: 
casilla marcada 52 en f:0, c:3 
casilla marcada 39 en f:1, c:2 
casilla marcada 20 en f:2, c:1 
casilla marcada 9 en f:3, c:0 
############################### Ha salido la bola 58
El carton 8232, tiene el numero 58 
El carton 8231, tiene el numero 58 
############################### Ha salido la bola 19
El carton 8233, tiene el numero 19 
El carton 8232, tiene el numero 19 
El carton 8231, tiene el numero 19 
El carton 8231, tiene linea HORIZONTAL: 
casilla marcada 10 en f:4, c:0 
casilla marcada 19 en f:4, c:1 
casilla marcada 37 en f:4, c:2 
casilla marcada 47 en f:4, c:3 
############################### Ha salido la bola 19
El carton 8233, tiene el numero 19 
El carton 8231, tiene el numero 19 
El carton 8232, tiene el numero 19 
############################### Ha salido la bola 30
############################### Ha salido la bola 11
El carton 8235, tiene el numero 11 
El carton 8239, tiene el numero 11 
El carton 8239, tiene linea VERTICAL: 
casilla marcada 13 en f:1, c:0 
casilla marcada 10 en f:2, c:0 
casilla marcada 1 en f:3, c:0 
casilla marcada 11 en f:4, c:0 
El carton 8233, tiene el numero 11 
El carton 8238, tiene el numero 11 
############################### Ha salido la bola 42
El carton 8234, tiene el numero 42 
El carton 8230, tiene el numero 42 
############################### Ha salido la bola 38
El carton 8233, tiene el numero 38 
############################### Ha salido la bola 10
El carton 8231, tiene el numero 10 
El carton 8233, tiene el numero 10 
El carton 8237, tiene el numero 10 
El carton 8235, tiene el numero 10 
El carton 8239, tiene el numero 10 
############################### Ha salido la bola 68
El carton 8239, tiene el numero 68 
El carton 8234, tiene el numero 68 
El carton 8234, tiene linea DIAGONAL: 
casilla marcada 68 en f:1, c:4 
casilla marcada 52 en f:2, c:3 
casilla marcada 42 en f:3, c:2 
casilla marcada 21 en f:4, c:1 
El carton 8237, tiene el numero 68 
El carton 8237, tiene linea HORIZONTAL: 
casilla marcada 10 en f:1, c:0 
casilla marcada 39 en f:1, c:2 
casilla marcada 54 en f:1, c:3 
casilla marcada 68 en f:1, c:4 
############################### Ha salido la bola 14
El carton 8232, tiene el numero 14 
############################### Ha salido la bola 7
El carton 8235, tiene el numero 7 
############################### Ha salido la bola 25
El carton 8235, tiene el numero 25 
El carton 8231, tiene el numero 25 
############################### Ha salido la bola 59
El carton 8233, tiene el numero 59 
############################### Ha salido la bola 59
El carton 8233, tiene el numero 59 
############################### Ha salido la bola 43
El carton 8232, tiene el numero 43 
############################### Ha salido la bola 48
El carton 8232, tiene el numero 48 
El carton 8230, tiene el numero 48 
El carton 8235, tiene el numero 48 
############################### Ha salido la bola 75
############################### Ha salido la bola 59
El carton 8233, tiene el numero 59 
############################### Ha salido la bola 1
El carton 8233, tiene el numero 1 
El carton 8239, tiene el numero 1 
El carton 8236, tiene el numero 1 
############################### Ha salido la bola 62
############################### Ha salido la bola 48
El carton 8232, tiene el numero 48 
El carton 8235, tiene el numero 48 
El carton 8230, tiene el numero 48 
############################### Ha salido la bola 74
El carton 8233, tiene el numero 74 
El carton 8239, tiene el numero 74 
El carton 8239, tiene linea VERTICAL: 
casilla marcada 68 en f:0, c:4 
casilla marcada 66 en f:1, c:4 
casilla marcada 73 en f:2, c:4 
casilla marcada 74 en f:3, c:4 
El carton 8232, tiene el numero 74 
El carton 8237, tiene el numero 74 
El carton 8237, tiene linea VERTICAL: 
casilla marcada 74 en f:0, c:4 
casilla marcada 68 en f:1, c:4 
casilla marcada 72 en f:2, c:4 
casilla marcada 73 en f:3, c:4 
El carton 8235, tiene el numero 74 
############################### Ha salido la bola 46
El carton 8235, tiene el numero 46 
El carton 8235, tiene linea HORIZONTAL: 
casilla marcada 21 en f:0, c:1 
casilla marcada 44 en f:0, c:2 
casilla marcada 46 en f:0, c:3 
casilla marcada 74 en f:0, c:4 
El carton 8232, tiene el numero 46 
El carton 8233, tiene el numero 46 
El carton 8233, tiene linea HORIZONTAL: 
casilla marcada 11 en f:2, c:0 
casilla marcada 19 en f:2, c:1 
casilla marcada 46 en f:2, c:3 
casilla marcada 67 en f:2, c:4 
El carton 8238, tiene el numero 46 
############################### Ha salido la bola 66
El carton 8232, tiene el numero 66 
El carton 8239, tiene el numero 66 
El carton 8231, tiene el numero 66 
El carton 8236, tiene el numero 66 
El carton 8235, tiene el numero 66 
############################### Ha salido la bola 43
El carton 8232, tiene el numero 43 
############################### Ha salido la bola 42
El carton 8230, tiene el numero 42 
El carton 8234, tiene el numero 42 
############################### Ha salido la bola 21
El carton 8235, tiene el numero 21 
El carton 8234, tiene el numero 21 
############################### Ha salido la bola 12
El carton 8231, tiene el numero 12 
El carton 8231, tiene linea DIAGONAL: 
casilla marcada 58 en f:0, c:3 
casilla marcada 34 en f:1, c:2 
casilla marcada 25 en f:2, c:1 
casilla marcada 12 en f:3, c:0 
El carton 8230, tiene el numero 12 
El carton 8232, tiene el numero 12 
El carton 8238, tiene el numero 12 
############################### Ha salido la bola 74
El carton 8233, tiene el numero 74 
El carton 8232, tiene el numero 74 
El carton 8239, tiene el numero 74 
El carton 8235, tiene el numero 74 
El carton 8237, tiene el numero 74 
############################### Ha salido la bola 20
El carton 8237, tiene el numero 20 
El carton 8230, tiene el numero 20 
############################### Ha salido la bola 1
El carton 8239, tiene el numero 1 
El carton 8236, tiene el numero 1 
El carton 8233, tiene el numero 1 
############################### Ha salido la bola 5
El carton 8234, tiene el numero 5 
El carton 8234, tiene linea DIAGONAL: 
casilla marcada 54 en f:0, c:3 
casilla marcada 31 en f:1, c:2 
casilla marcada 23 en f:2, c:1 
casilla marcada 5 en f:3, c:0 
El carton 8232, tiene el numero 5 
El carton 8232, tiene linea DIAGONAL: 
casilla marcada 5 en f:1, c:0 
casilla marcada 19 en f:2, c:1 
casilla marcada 43 en f:3, c:2 
casilla marcada 48 en f:4, c:3 
############################### Ha salido la bola 31
El carton 8234, tiene el numero 31 
El carton 8238, tiene el numero 31 
El carton 8233, tiene el numero 31 
El carton 8239, tiene el numero 31 
############################### Ha salido la bola 15
############################### Ha salido la bola 36
El carton 8230, tiene el numero 36 
El carton 8230, tiene linea HORIZONTAL: 
casilla marcada 12 en f:3, c:0 
casilla marcada 20 en f:3, c:1 
casilla marcada 36 en f:3, c:2 
casilla marcada 61 en f:3, c:4 
El carton 8231, tiene el numero 36 
############################### Ha salido la bola 36
El carton 8231, tiene el numero 36 
El carton 8230, tiene el numero 36 
############################### Ha salido la bola 18
El carton 8230, tiene el numero 18 
El carton 8236, tiene el numero 18 
El carton 8233, tiene el numero 18 
El carton 8233, tiene linea DIAGONAL: 
casilla marcada 72 en f:0, c:4 
casilla marcada 51 en f:1, c:3 
casilla marcada 18 en f:3, c:1 
casilla marcada 10 en f:4, c:0 
El carton 8235, tiene el numero 18 
El carton 8235, tiene linea HORIZONTAL: 
casilla marcada 7 en f:4, c:0 
casilla marcada 18 en f:4, c:1 
casilla marcada 34 en f:4, c:2 
casilla marcada 48 en f:4, c:3 
El carton 8232, tiene el numero 18 
############################### Ha salido la bola 64
El carton 8236, tiene el numero 64 
El carton 8236, tiene linea VERTICAL: 
casilla marcada 61 en f:0, c:4 
casilla marcada 64 en f:1, c:4 
casilla marcada 73 en f:2, c:4 
casilla marcada 66 en f:3, c:4 
El carton 8232, tiene el numero 64 
############################### Ha salido la bola 32
El carton 8232, tiene el numero 32 
El carton 8232, tiene linea HORIZONTAL: 
casilla marcada 27 en f:0, c:1 
casilla marcada 32 en f:0, c:2 
casilla marcada 58 en f:0, c:3 
casilla marcada 74 en f:0, c:4 
El carton 8238, tiene el numero 32 
El carton 8239, tiene el numero 32 
El carton 8239, tiene linea VERTICAL: 
casilla marcada 32 en f:0, c:2 
casilla marcada 44 en f:1, c:2 
casilla marcada 40 en f:3, c:2 
casilla marcada 31 en f:4, c:2 
############################### Ha salido la bola 57
El carton 8239, tiene el numero 57 
El carton 8239, tiene linea HORIZONTAL: 
casilla marcada 10 en f:2, c:0 
casilla marcada 27 en f:2, c:1 
casilla marcada 57 en f:2, c:3 
casilla marcada 73 en f:2, c:4 
El carton 8239, tiene linea DIAGONAL: 
casilla marcada 23 en f:0, c:1 
casilla marcada 44 en f:1, c:2 
casilla marcada 57 en f:2, c:3 
casilla marcada 74 en f:3, c:4 
El carton 8235, tiene el numero 57 
El carton 8235, tiene linea DIAGONAL: 
casilla marcada 74 en f:0, c:4 
casilla marcada 57 en f:1, c:3 
casilla marcada 25 en f:3, c:1 
casilla marcada 7 en f:4, c:0 
El carton 8236, tiene el numero 57 
############################### Ha salido la bola 58
El carton 8232, tiene el numero 58 
El carton 8231, tiene el numero 58 
############################### Ha salido la bola 64
El carton 8232, tiene el numero 64 
El carton 8236, tiene el numero 64 
############################### Ha salido la bola 68
El carton 8234, tiene el numero 68 
El carton 8237, tiene el numero 68 
El carton 8239, tiene el numero 68 
############################### Ha salido la bola 4
El carton 8234, tiene el numero 4 
El carton 8234, tiene linea HORIZONTAL: 
casilla marcada 4 en f:2, c:0 
casilla marcada 23 en f:2, c:1 
casilla marcada 52 en f:2, c:3 
casilla marcada 72 en f:2, c:4 
El carton 8235, tiene el numero 4 
El carton 8235, tiene linea VERTICAL: 
casilla marcada 10 en f:1, c:0 
casilla marcada 11 en f:2, c:0 
casilla marcada 4 en f:3, c:0 
casilla marcada 7 en f:4, c:0 
El carton 8235, tiene linea HORIZONTAL: 
casilla marcada 4 en f:3, c:0 
casilla marcada 25 en f:3, c:1 
casilla marcada 40 en f:3, c:2 
casilla marcada 66 en f:3, c:4 
El carton 8232, tiene el numero 4 
El carton 8232, tiene linea VERTICAL: 
casilla marcada 5 en f:1, c:0 
casilla marcada 4 en f:2, c:0 
casilla marcada 12 en f:3, c:0 
casilla marcada 14 en f:4, c:0 
El carton 8232, tiene linea HORIZONTAL: 
casilla marcada 4 en f:2, c:0 
casilla marcada 19 en f:2, c:1 
casilla marcada 46 en f:2, c:3 
casilla marcada 64 en f:2, c:4 
El carton 8231, tiene el numero 4 
############################### Ha salido la bola 24
El carton 8230, tiene el numero 24 
El carton 8230, tiene linea VERTICAL: 
casilla marcada 18 en f:0, c:1 
casilla marcada 24 en f:2, c:1 
casilla marcada 20 en f:3, c:1 
casilla marcada 28 en f:4, c:1 
El carton 8230, tiene linea DIAGONAL: 
casilla marcada 3 en f:1, c:0 
casilla marcada 24 en f:2, c:1 
casilla marcada 36 en f:3, c:2 
casilla marcada 54 en f:4, c:3 
El carton 8237, tiene el numero 24 
El carton 8237, tiene linea VERTICAL: 
casilla marcada 27 en f:0, c:1 
casilla marcada 20 en f:2, c:1 
casilla marcada 28 en f:3, c:1 
casilla marcada 24 en f:4, c:1 
El carton 8235, tiene el numero 24 
El carton 8235, tiene linea VERTICAL: 
casilla marcada 21 en f:0, c:1 
casilla marcada 24 en f:2, c:1 
casilla marcada 25 en f:3, c:1 
casilla marcada 18 en f:4, c:1 
El carton 8235, tiene linea DIAGONAL: 
casilla marcada 10 en f:1, c:0 
casilla marcada 24 en f:2, c:1 
casilla marcada 40 en f:3, c:2 
casilla marcada 48 en f:4, c:3 
El carton 8235, tiene linea DIAGONAL: 
casilla marcada 46 en f:0, c:3 
casilla marcada 37 en f:1, c:2 
casilla marcada 24 en f:2, c:1 
casilla marcada 4 en f:3, c:0 
El carton 8236, tiene el numero 24 
El carton 8236, tiene linea DIAGONAL: 
casilla marcada 61 en f:0, c:4 
casilla marcada 47 en f:1, c:3 
casilla marcada 24 en f:3, c:1 
casilla marcada 13 en f:4, c:0 
############################### Ha salido la bola 71
El carton 8235, tiene el numero 71 
El carton 8235, tiene linea HORIZONTAL: 
casilla marcada 10 en f:1, c:0 
casilla marcada 37 en f:1, c:2 
casilla marcada 57 en f:1, c:3 
casilla marcada 71 en f:1, c:4 
El carton 8235, tiene linea VERTICAL: 
casilla marcada 74 en f:0, c:4 
casilla marcada 71 en f:1, c:4 
casilla marcada 67 en f:2, c:4 
casilla marcada 66 en f:3, c:4 
El carton 8238, tiene el numero 71 
############################### Ha salido la bola 16
El carton 8231, tiene el numero 16 
El carton 8231, tiene linea VERTICAL: 
casilla marcada 27 en f:0, c:1 
casilla marcada 25 en f:2, c:1 
casilla marcada 16 en f:3, c:1 
casilla marcada 19 en f:4, c:1 
El carton 8231, tiene linea HORIZONTAL: 
casilla marcada 12 en f:3, c:0 
casilla marcada 16 en f:3, c:1 
casilla marcada 36 en f:3, c:2 
casilla marcada 72 en f:3, c:4 
El carton 8233, tiene el numero 16 
El carton 8233, tiene linea VERTICAL: 
casilla marcada 28 en f:0, c:1 
casilla marcada 19 en f:2, c:1 
casilla marcada 18 en f:3, c:1 
casilla marcada 16 en f:4, c:1 
El carton 8236, tiene el numero 16 
El carton 8236, tiene linea VERTICAL: 
casilla marcada 18 en f:0, c:1 
casilla marcada 23 en f:2, c:1 
casilla marcada 24 en f:3, c:1 
casilla marcada 16 en f:4, c:1 
El carton 8236, tiene linea HORIZONTAL: 
casilla marcada 13 en f:4, c:0 
casilla marcada 16 en f:4, c:1 
casilla marcada 44 en f:4, c:2 
casilla marcada 57 en f:4, c:3 
El carton 8232, tiene el numero 16 
El carton 8232, tiene linea VERTICAL: 
casilla marcada 27 en f:0, c:1 
casilla marcada 19 en f:2, c:1 
casilla marcada 18 en f:3, c:1 
casilla marcada 16 en f:4, c:1 
El carton 8232, tiene linea HORIZONTAL: 
casilla marcada 14 en f:4, c:0 
casilla marcada 16 en f:4, c:1 
casilla marcada 40 en f:4, c:2 
casilla marcada 48 en f:4, c:3 
El carton 8232, tiene linea DIAGONAL: 
casilla marcada 66 en f:1, c:4 
casilla marcada 46 en f:2, c:3 
casilla marcada 43 en f:3, c:2 
casilla marcada 16 en f:4, c:1 
El carton 8239, tiene el numero 16 
El carton 8239, tiene linea DIAGONAL: 
casilla marcada 66 en f:1, c:4 
casilla marcada 57 en f:2, c:3 
casilla marcada 40 en f:3, c:2 
casilla marcada 16 en f:4, c:1 
############################### Ha salido la bola 54
El carton 8236, tiene el numero 54 
El carton 8234, tiene el numero 54 
El carton 8230, tiene el numero 54 
El carton 8237, tiene el numero 54 
############################### Ha salido la bola 9
El carton 8237, tiene el numero 9 
El carton 8230, tiene el numero 9 
############################### Ha salido la bola 56
El carton 8239, tiene el numero 56 
El carton 8239, tiene linea HORIZONTAL: 
casilla marcada 23 en f:0, c:1 
casilla marcada 32 en f:0, c:2 
casilla marcada 56 en f:0, c:3 
casilla marcada 68 en f:0, c:4 
El carton 8239, tiene linea DIAGONAL: 
casilla marcada 56 en f:0, c:3 
casilla marcada 44 en f:1, c:2 
casilla marcada 27 en f:2, c:1 
casilla marcada 1 en f:3, c:0 
El carton 8236, tiene el numero 56 
El carton 8236, tiene linea VERTICAL: 
casilla marcada 54 en f:0, c:3 
casilla marcada 47 en f:1, c:3 
casilla marcada 56 en f:2, c:3 
casilla marcada 57 en f:4, c:3 
El carton 8236, tiene linea DIAGONAL: 
casilla marcada 18 en f:0, c:1 
casilla marcada 40 en f:1, c:2 
casilla marcada 56 en f:2, c:3 
casilla marcada 66 en f:3, c:4 
El carton 8231, tiene el numero 56 
El carton 8232, tiene el numero 56 
El carton 8232, tiene linea VERTICAL: 
casilla marcada 58 en f:0, c:3 
casilla marcada 56 en f:1, c:3 
casilla marcada 46 en f:2, c:3 
casilla marcada 48 en f:4, c:3 
El carton 8232, tiene linea DIAGONAL: 
casilla marcada 74 en f:0, c:4 
casilla marcada 56 en f:1, c:3 
casilla marcada 18 en f:3, c:1 
casilla marcada 14 en f:4, c:0 
El carton 8238, tiene el numero 56 
El carton 8238, tiene linea HORIZONTAL: 
casilla marcada 29 en f:0, c:1 
casilla marcada 34 en f:0, c:2 
casilla marcada 56 en f:0, c:3 
casilla marcada 67 en f:0, c:4 
El carton 8230, tiene el numero 56 
El carton 8230, tiene linea DIAGONAL: 
casilla marcada 65 en f:1, c:4 
casilla marcada 56 en f:2, c:3 
casilla marcada 36 en f:3, c:2 
casilla marcada 28 en f:4, c:1 
############################### Ha salido la bola 47
El carton 8237, tiene el numero 47 
El carton 8236, tiene el numero 47 
El carton 8231, tiene el numero 47 
############################### Ha salido la bola 20
El carton 8237, tiene el numero 20 
El carton 8230, tiene el numero 20 
############################### Ha salido la bola 63
El carton 8231, tiene el numero 63 
El carton 8234, tiene el numero 63 
El carton 8230, tiene el numero 63 
El carton 8230, tiene linea VERTICAL: 
casilla marcada 67 en f:0, c:4 
casilla marcada 65 en f:1, c:4 
casilla marcada 63 en f:2, c:4 
casilla marcada 61 en f:3, c:4 
El carton 8238, tiene el numero 63 
El carton 8238, tiene linea VERTICAL: 
casilla marcada 67 en f:0, c:4 
casilla marcada 71 en f:1, c:4 
casilla marcada 61 en f:2, c:4 
casilla marcada 63 en f:3, c:4 
############################### Ha salido la bola 6
El carton 8234, tiene el numero 6 
El carton 8234, tiene linea HORIZONTAL: 
casilla marcada 6 en f:1, c:0 
casilla marcada 31 en f:1, c:2 
casilla marcada 49 en f:1, c:3 
casilla marcada 68 en f:1, c:4 
El carton 8234, tiene linea DIAGONAL: 
casilla marcada 6 en f:1, c:0 
casilla marcada 23 en f:2, c:1 
casilla marcada 42 en f:3, c:2 
casilla marcada 51 en f:4, c:3 
El carton 8236, tiene el numero 6 
El carton 8236, tiene linea HORIZONTAL: 
casilla marcada 6 en f:1, c:0 
casilla marcada 40 en f:1, c:2 
casilla marcada 47 en f:1, c:3 
casilla marcada 64 en f:1, c:4 
El carton 8237, tiene el numero 6 
El carton 8237, tiene linea DIAGONAL: 
casilla marcada 74 en f:0, c:4 
casilla marcada 54 en f:1, c:3 
casilla marcada 28 en f:3, c:1 
casilla marcada 6 en f:4, c:0 
############################### Ha salido la bola 18
El carton 8236, tiene el numero 18 
El carton 8233, tiene el numero 18 
El carton 8235, tiene el numero 18 
El carton 8230, tiene el numero 18 
El carton 8232, tiene el numero 18 
############################### Ha salido la bola 71
El carton 8235, tiene el numero 71 
El carton 8238, tiene el numero 71 
############################### Ha salido la bola 49
El carton 8234, tiene el numero 49 
############################### Ha salido la bola 30
############################### Ha salido la bola 28
El carton 8230, tiene el numero 28 
El carton 8234, tiene el numero 28 
El carton 8237, tiene el numero 28 
El carton 8233, tiene el numero 28 
############################### Ha salido la bola 60
############################### Ha salido la bola 62
############################### Ha salido la bola 32
El carton 8232, tiene el numero 32 
El carton 8239, tiene el numero 32 
El carton 8238, tiene el numero 32 
############################### Ha salido la bola 37
El carton 8237, tiene el numero 37 
El carton 8231, tiene el numero 37 
El carton 8235, tiene el numero 37 
El carton 8234, tiene el numero 37 
############################### Ha salido la bola 24
El carton 8235, tiene el numero 24 
El carton 8230, tiene el numero 24 
El carton 8236, tiene el numero 24 
El carton 8237, tiene el numero 24 
############################### Ha salido la bola 1
El carton 8239, tiene el numero 1 
El carton 8233, tiene el numero 1 
El carton 8236, tiene el numero 1 
############################### Ha salido la bola 70
El carton 8233, tiene el numero 70 
El carton 8233, tiene linea VERTICAL: 
casilla marcada 72 en f:0, c:4 
casilla marcada 70 en f:1, c:4 
casilla marcada 67 en f:2, c:4 
casilla marcada 74 en f:3, c:4 
El carton 8233, tiene linea DIAGONAL: 
casilla marcada 70 en f:1, c:4 
casilla marcada 46 en f:2, c:3 
casilla marcada 31 en f:3, c:2 
casilla marcada 16 en f:4, c:1 
El carton 8232, tiene el numero 70 
El carton 8232, tiene linea HORIZONTAL: 
casilla marcada 12 en f:3, c:0 
casilla marcada 18 en f:3, c:1 
casilla marcada 43 en f:3, c:2 
casilla marcada 70 en f:3, c:4 
El carton 8232, tiene linea VERTICAL: 
casilla marcada 74 en f:0, c:4 
casilla marcada 66 en f:1, c:4 
casilla marcada 64 en f:2, c:4 
casilla marcada 70 en f:3, c:4 
El carton 8234, tiene el numero 70 
El carton 8234, tiene linea HORIZONTAL: 
casilla marcada 5 en f:3, c:0 
casilla marcada 28 en f:3, c:1 
casilla marcada 42 en f:3, c:2 
casilla marcada 70 en f:3, c:4 
El carton 8234, tiene linea VERTICAL: 
casilla marcada 63 en f:0, c:4 
casilla marcada 68 en f:1, c:4 
casilla marcada 72 en f:2, c:4 
casilla marcada 70 en f:3, c:4 
El carton 8231, tiene el numero 70 
El carton 8231, tiene linea VERTICAL: 
casilla marcada 70 en f:0, c:4 
casilla marcada 66 en f:1, c:4 
casilla marcada 63 en f:2, c:4 
casilla marcada 72 en f:3, c:4 
El carton 8231, tiene linea DIAGONAL: 
casilla marcada 70 en f:0, c:4 
casilla marcada 56 en f:1, c:3 
casilla marcada 16 en f:3, c:1 
casilla marcada 10 en f:4, c:0 
############################### Ha salido la bola 67
El carton 8230, tiene el numero 67 
El carton 8238, tiene el numero 67 
El carton 8235, tiene el numero 67 
El carton 8233, tiene el numero 67 
############################### Ha salido la bola 72
El carton 8233, tiene el numero 72 
El carton 8231, tiene el numero 72 
El carton 8237, tiene el numero 72 
El carton 8234, tiene el numero 72 
############################### Ha salido la bola 21
El carton 8235, tiene el numero 21 
El carton 8234, tiene el numero 21 
############################### Ha salido la bola 61
El carton 8238, tiene el numero 61 
El carton 8230, tiene el numero 61 
El carton 8236, tiene el numero 61 
############################### Ha salido la bola 30
############################### Ha salido la bola 33
El carton 8237, tiene el numero 33 
El carton 8237, tiene linea HORIZONTAL: 
casilla marcada 27 en f:0, c:1 
casilla marcada 33 en f:0, c:2 
casilla marcada 52 en f:0, c:3 
casilla marcada 74 en f:0, c:4 
El carton 8233, tiene el numero 33 
El carton 8233, tiene linea HORIZONTAL: 
casilla marcada 1 en f:1, c:0 
casilla marcada 33 en f:1, c:2 
casilla marcada 51 en f:1, c:3 
casilla marcada 70 en f:1, c:4 
El carton 8233, tiene linea VERTICAL: 
casilla marcada 44 en f:0, c:2 
casilla marcada 33 en f:1, c:2 
casilla marcada 31 en f:3, c:2 
casilla marcada 38 en f:4, c:2 
El carton 8233, tiene linea DIAGONAL: 
casilla marcada 28 en f:0, c:1 
casilla marcada 33 en f:1, c:2 
casilla marcada 46 en f:2, c:3 
casilla marcada 74 en f:3, c:4 
############################### Ha salido la bola 33
El carton 8237, tiene el numero 33 
El carton 8233, tiene el numero 33 
############################### Ha salido la bola 27
El carton 8232, tiene el numero 27 
El carton 8231, tiene el numero 27 
El carton 8239, tiene el numero 27 
El carton 8237, tiene el numero 27 
############################### Ha salido la bola 38
El carton 8233, tiene el numero 38 
############################### Ha salido la bola 5
El carton 8234, tiene el numero 5 
El carton 8232, tiene el numero 5 
############################### Ha salido la bola 6
El carton 8237, tiene el numero 6 
El carton 8234, tiene el numero 6 
El carton 8236, tiene el numero 6 
############################### Ha salido la bola 50
El carton 8233, tiene el numero 50 
El carton 8233, tiene linea VERTICAL: 
casilla marcada 59 en f:0, c:3 
casilla marcada 51 en f:1, c:3 
casilla marcada 46 en f:2, c:3 
casilla marcada 50 en f:4, c:3 
El carton 8233, tiene linea HORIZONTAL: 
casilla marcada 10 en f:4, c:0 
casilla marcada 16 en f:4, c:1 
casilla marcada 38 en f:4, c:2 
casilla marcada 50 en f:4, c:3 
El carton 8233, tiene linea DIAGONAL: 
casilla marcada 1 en f:1, c:0 
casilla marcada 19 en f:2, c:1 
casilla marcada 31 en f:3, c:2 
casilla marcada 50 en f:4, c:3 
El carton 8238, tiene el numero 50 
El carton 8238, tiene linea DIAGONAL: 
casilla marcada 71 en f:1, c:4 
casilla marcada 50 en f:2, c:3 
casilla marcada 32 en f:3, c:2 
casilla marcada 23 en f:4, c:1 
El carton 8239, tiene el numero 50 
El carton 8239, tiene linea HORIZONTAL: 
casilla marcada 11 en f:4, c:0 
casilla marcada 16 en f:4, c:1 
casilla marcada 31 en f:4, c:2 
casilla marcada 50 en f:4, c:3 
El carton 8239, tiene linea DIAGONAL: 
casilla marcada 13 en f:1, c:0 
casilla marcada 27 en f:2, c:1 
casilla marcada 40 en f:3, c:2 
casilla marcada 50 en f:4, c:3 
El carton 8237, tiene el numero 50 
El carton 8237, tiene linea VERTICAL: 
casilla marcada 52 en f:0, c:3 
casilla marcada 54 en f:1, c:3 
casilla marcada 50 en f:2, c:3 
casilla marcada 47 en f:4, c:3 
El carton 8237, tiene linea DIAGONAL: 
casilla marcada 27 en f:0, c:1 
casilla marcada 39 en f:1, c:2 
casilla marcada 50 en f:2, c:3 
casilla marcada 73 en f:3, c:4 
El carton 8237, tiene linea DIAGONAL: 
casilla marcada 68 en f:1, c:4 
casilla marcada 50 en f:2, c:3 
casilla marcada 37 en f:3, c:2 
casilla marcada 24 en f:4, c:1 
El carton 8231, tiene el numero 50 
El carton 8231, tiene linea HORIZONTAL: 
casilla marcada 4 en f:2, c:0 
casilla marcada 25 en f:2, c:1 
casilla marcada 50 en f:2, c:3 
casilla marcada 63 en f:2, c:4 
El carton 8231, tiene linea VERTICAL: 
casilla marcada 58 en f:0, c:3 
casilla marcada 56 en f:1, c:3 
casilla marcada 50 en f:2, c:3 
casilla marcada 47 en f:4, c:3 
El carton 8231, tiene linea DIAGONAL: 
casilla marcada 27 en f:0, c:1 
casilla marcada 34 en f:1, c:2 
casilla marcada 50 en f:2, c:3 
casilla marcada 72 en f:3, c:4 
El carton 8231, tiene linea DIAGONAL: 
casilla marcada 66 en f:1, c:4 
casilla marcada 50 en f:2, c:3 
casilla marcada 36 en f:3, c:2 
casilla marcada 19 en f:4, c:1 
############################### Ha salido la bola 41
El carton 8238, tiene el numero 41 
El carton 8238, tiene linea HORIZONTAL: 
casilla marcada 11 en f:1, c:0 
casilla marcada 41 en f:1, c:2 
casilla marcada 46 en f:1, c:3 
casilla marcada 71 en f:1, c:4 
El carton 8238, tiene linea VERTICAL: 
casilla marcada 34 en f:0, c:2 
casilla marcada 41 en f:1, c:2 
casilla marcada 32 en f:3, c:2 
casilla marcada 31 en f:4, c:2 
El carton 8238, tiene linea DIAGONAL: 
casilla marcada 29 en f:0, c:1 
casilla marcada 41 en f:1, c:2 
casilla marcada 50 en f:2, c:3 
casilla marcada 63 en f:3, c:4 
El carton 8236, tiene el numero 41 
El carton 8236, tiene linea HORIZONTAL: 
casilla marcada 18 en f:0, c:1 
casilla marcada 41 en f:0, c:2 
casilla marcada 54 en f:0, c:3 
casilla marcada 61 en f:0, c:4 
El carton 8234, tiene el numero 41 
El carton 8234, tiene linea VERTICAL: 
casilla marcada 37 en f:0, c:2 
casilla marcada 31 en f:1, c:2 
casilla marcada 42 en f:3, c:2 
casilla marcada 41 en f:4, c:2 
El carton 8232, tiene el numero 41 
El carton 8232, tiene linea HORIZONTAL: 
casilla marcada 5 en f:1, c:0 
casilla marcada 41 en f:1, c:2 
casilla marcada 56 en f:1, c:3 
casilla marcada 66 en f:1, c:4 
El carton 8232, tiene linea VERTICAL: 
casilla marcada 32 en f:0, c:2 
casilla marcada 41 en f:1, c:2 
casilla marcada 43 en f:3, c:2 
casilla marcada 40 en f:4, c:2 
El carton 8232, tiene linea DIAGONAL: 
casilla marcada 27 en f:0, c:1 
casilla marcada 41 en f:1, c:2 
casilla marcada 46 en f:2, c:3 
casilla marcada 70 en f:3, c:4 
El carton 8232, tiene linea DIAGONAL: 
casilla marcada 58 en f:0, c:3 
casilla marcada 41 en f:1, c:2 
casilla marcada 19 en f:2, c:1 
casilla marcada 12 en f:3, c:0 
El carton 8232, tiene BINGO!!!
